#
# A fatal error has been detected by the Java Runtime Environment:
#
#  SIGSEGV (0xb) at pc=0x00007f2f827ba30c, pid=40756, tid=0x00007f2f80f60700
#
# JRE version: OpenJDK Runtime Environment (8.0_312-b07) (build 1.8.0_312-8u312-b07-0ubuntu1~20.04-b07)
# Java VM: OpenJDK 64-Bit Server VM (25.312-b07 mixed mode linux-amd64 compressed oops)
# Problematic frame:
# V  [libjvm.so+0x95930c]
#
# Failed to write core dump. Core dumps have been disabled. To enable core dumping, try "ulimit -c unlimited" before starting Java again
#
# If you would like to submit a bug report, please visit:
#   http://bugreport.java.com/bugreport/crash.jsp
#

---------------  T H R E A D  ---------------

Current thread (0x00007f2f7c02b000):  GCTaskThread [stack: 0x00007f2f80e61000,0x00007f2f80f61000] [id=40777]

siginfo: si_signo: 11 (SIGSEGV), si_code: 2 (SEGV_ACCERR), si_addr: 0x00000000ceb81778

Registers:
RAX=0x0000000000000001, RBX=0x00007f2f7c07b320, RCX=0x000000000000002e, RDX=0x00007f2f82c1bf80
RSP=0x00007f2f80f5fb60, RBP=0x00007f2f80f5fbd0, RSI=0x0000400000000000, RDI=0x00007f2f82c466e0
R8 =0x00000000ceb81770, R9 =0x00007f2f82c46720, R10=0x00007f2f80e4c10c, R11=0x0000000000000000
R12=0x00000000eec92c88, R13=0x00007f2f82c3a1a2, R14=0x00000000eec92d38, R15=0x00000000ceb81770
RIP=0x00007f2f827ba30c, EFLAGS=0x0000000000010202, CSGSFS=0x002b000000000033, ERR=0x0000000000000004
  TRAPNO=0x000000000000000e

Top of Stack: (sp=0x00007f2f80f5fb60)
0x00007f2f80f5fb60:   000000000000014d 000000000000014d
0x00007f2f80f5fb70:   0000000000000005 00000000eec931cc
0x00007f2f80f5fb80:   00000000c033cee0 00000001000b95e8
0x00007f2f80f5fb90:   0000000000000005 00000000c033cf30
0x00007f2f80f5fba0:   00007f2f7c07b320 00007f2f7c07b320
0x00007f2f80f5fbb0:   00007f2f82c4296c 00007f2f7c02b000
0x00007f2f80f5fbc0:   00007f2f80f5fcd0 0000000000000001
0x00007f2f80f5fbd0:   00007f2f80f5fca0 00007f2f8283fbef
0x00007f2f80f5fbe0:   0000000000000013 00000081824cad01
0x00007f2f80f5fbf0:   0000000000000001 00007f2f7c02c360
0x00007f2f80f5fc00:   0000000000000004 00007f2f7c07b368
0x00007f2f80f5fc10:   00007f2f7c02c364 00000000eec92c88
0x00007f2f80f5fc20:   00007f2f82c74050 00000000eec396e0
0x00007f2f80f5fc30:   0000000000000004 00000000eec396e0
0x00007f2f80f5fc40:   00007f2f80f5fc70 00007f2f8284d9b7
0x00007f2f80f5fc50:   00007f2f7c02c328 00007f2f82c5cbd8
0x00007f2f80f5fc60:   00007f2f80f5fcd0 b08d21e43acff700
0x00007f2f80f5fc70:   00007f2f80f5fca0 00007f2f7c02d7b0
0x00007f2f80f5fc80:   00007f2f7c07b320 00007f2f7c02b000
0x00007f2f80f5fc90:   00007f2f80f5fcd0 0000000000000001
0x00007f2f80f5fca0:   00007f2f80f5fda0 00007f2f82826718
0x00007f2f80f5fcb0:   00007f2f7c025530 00007f2f7c02b000
0x00007f2f80f5fcc0:   00007f2f7c025550 0000000000000000
0x00007f2f80f5fcd0:   00007f2f82b811b0 00007f2f82797d00
0x00007f2f80f5fce0:   00007f2f7c07b320 0000000000000011
0x00007f2f80f5fcf0:   00007f2f82b811e0 0000000000000000
0x00007f2f80f5fd00:   00007f2f80f5fcd0 00007f2f7c02a77c
0x00007f2f80f5fd10:   00007f2f80f5fd60 00007f2f7c0254b0
0x00007f2f80f5fd20:   00007f2f80f5fd60 00007f2f7c02a750
0x00007f2f80f5fd30:   00007f2f7c02a728 00007f2f7c025530
0x00007f2f80f5fd40:   00007f2f7c0255e0 00007f2f827e7148
0x00007f2f80f5fd50:   00007f2f7c02d7b0 0000000000000003 

Instructions: (pc=0x00007f2f827ba30c)
0x00007f2f827ba2ec:   5c 41 5d 41 5e 41 5f 5d c3 0f 1f 00 41 0f b6 45
0x00007f2f827ba2fc:   00 84 c0 0f 84 6b 03 00 00 48 8d 15 74 1c 46 00
0x00007f2f827ba30c:   41 8b 78 08 8b 4a 08 48 d3 e7 48 03 3a 8b 4f 08
0x00007f2f827ba31c:   85 c9 0f 8e 5b 03 00 00 f6 c1 01 0f 84 7b 04 00 

Register to memory mapping:

RAX=0x0000000000000001 is an unknown value
RBX=0x00007f2f7c07b320 is an unknown value
RCX=0x000000000000002e is an unknown value
RDX=0x00007f2f82c1bf80: <offset 0xdbaf80> in /usr/lib/jvm/java-8-openjdk-amd64/jre/lib/amd64/server/libjvm.so at 0x00007f2f81e61000
RSP=0x00007f2f80f5fb60 is an unknown value
RBP=0x00007f2f80f5fbd0 is an unknown value
RSI=0x0000400000000000 is an unknown value
RDI=0x00007f2f82c466e0: <offset 0xde56e0> in /usr/lib/jvm/java-8-openjdk-amd64/jre/lib/amd64/server/libjvm.so at 0x00007f2f81e61000
R8 =0x00000000ceb81770 is an unallocated location in the heap
R9 =0x00007f2f82c46720: <offset 0xde5720> in /usr/lib/jvm/java-8-openjdk-amd64/jre/lib/amd64/server/libjvm.so at 0x00007f2f81e61000
R10=0x00007f2f80e4c10c is an unknown value
R11=0x0000000000000000 is an unknown value
R12=0x00000000eec92c88 is an oop
[Ljava.lang.Object; 
 - klass: 'java/lang/Object'[]
 - length: 333
R13=0x00007f2f82c3a1a2: <offset 0xdd91a2> in /usr/lib/jvm/java-8-openjdk-amd64/jre/lib/amd64/server/libjvm.so at 0x00007f2f81e61000
R14=0x00000000eec92d38 is an oop

[error occurred during error reporting (printing register info), id 0xb]

Stack: [0x00007f2f80e61000,0x00007f2f80f61000],  sp=0x00007f2f80f5fb60,  free space=1018k
Native frames: (J=compiled Java code, j=interpreted, Vv=VM code, C=native code)
V  [libjvm.so+0x95930c]
V  [libjvm.so+0x9debef]
V  [libjvm.so+0x9c5718]
V  [libjvm.so+0x5c816b]
V  [libjvm.so+0x97dec0]


---------------  P R O C E S S  ---------------

Java Threads: ( => current thread )
  0x00007f2f7c0f3000 JavaThread "Service Thread" daemon [_thread_blocked, id=40796, stack(0x00007f2f5ce40000,0x00007f2f5cf41000)]
  0x00007f2f7c0c6000 JavaThread "C1 CompilerThread2" daemon [_thread_blocked, id=40795, stack(0x00007f2f5cf42000,0x00007f2f5d042000)]
  0x00007f2f7c0c4000 JavaThread "C2 CompilerThread1" daemon [_thread_blocked, id=40794, stack(0x00007f2f5d043000,0x00007f2f5d143000)]
  0x00007f2f7c0c1000 JavaThread "C2 CompilerThread0" daemon [_thread_blocked, id=40793, stack(0x00007f2f5d144000,0x00007f2f5d244000)]
  0x00007f2f7c0bb800 JavaThread "Signal Dispatcher" daemon [_thread_blocked, id=40792, stack(0x00007f2f5d244000,0x00007f2f5d345000)]
  0x00007f2f7c08d000 JavaThread "Finalizer" daemon [_thread_blocked, id=40784, stack(0x00007f2f5ddfe000,0x00007f2f5deff000)]
  0x00007f2f7c088800 JavaThread "Reference Handler" daemon [_thread_blocked, id=40783, stack(0x00007f2f5deff000,0x00007f2f5e000000)]
  0x00007f2f7c010000 JavaThread "main" [_thread_blocked, id=40773, stack(0x00007f2f81a15000,0x00007f2f81b15000)]

Other Threads:
  0x00007f2f7c07e800 VMThread [stack: 0x00007f2f6c06e000,0x00007f2f6c16e000] [id=40782]
  0x00007f2f7c0f5800 WatcherThread [stack: 0x00007f2f5cd40000,0x00007f2f5ce40000] [id=40797]

=>0x00007f2f7c02b000 (exited) GCTaskThread [stack: 0x00007f2f80e61000,0x00007f2f80f61000] [id=40777]

VM state:at safepoint (normal execution)

VM Mutex/Monitor currently owned by a thread:  ([mutex/lock_event])
[0x00007f2f7c00cac0] Threads_lock - owner thread: 0x00007f2f7c07e800
[0x00007f2f7c00cfc0] Heap_lock - owner thread: 0x00007f2f7c010000

heap address: 0x00000000c0000000, size: 1024 MB, Compressed Oops mode: 32-bit
Narrow klass base: 0x0000000000000000, Narrow klass shift: 3
Compressed class space size: 1073741824 Address: 0x0000000100000000

Heap:
 PSYoungGen      total 68608K, used 5111K [0x00000000eab00000, 0x00000000f3600000, 0x0000000100000000)
  eden space 63488K, 0% used [0x00000000eab00000,0x00000000eab00000,0x00000000ee900000)
  from space 5120K, 99% used [0x00000000ee900000,0x00000000eedfdfe8,0x00000000eee00000)
  to   space 7680K, 0% used [0x00000000f2e80000,0x00000000f2e80000,0x00000000f3600000)
 ParOldGen       total 84992K, used 3979K [0x00000000c0000000, 0x00000000c5300000, 0x00000000eab00000)
  object space 84992K, 4% used [0x00000000c0000000,0x00000000c03e2c60,0x00000000c5300000)
 Metaspace       used 20353K, capacity 21082K, committed 21296K, reserved 1067008K
  class space    used 2696K, capacity 2824K, committed 2944K, reserved 1048576K

Card table byte_map: [0x00007f2f813ba000,0x00007f2f815bb000] byte_map_base: 0x00007f2f80dba000

Marking Bits: (ParMarkBitMap*) 0x00007f2f82c46720
 Begin Bits: [0x00007f2f5e000000, 0x00007f2f5f000000)
 End Bits:   [0x00007f2f5f000000, 0x00007f2f60000000)

Polling page: 0x00007f2f82ef1000

CodeCache: size=245760Kb used=8135Kb max_used=8135Kb free=237624Kb
 bounds [0x00007f2f6d000000, 0x00007f2f6d800000, 0x00007f2f7c000000]
 total_blobs=2566 nmethods=2183 adapters=296
 compilation: enabled

Compilation events (10 events):
Event: 2,095 Thread 0x00007f2f7c0c6000 nmethod 2194 0x00007f2f6d7f5610 code [0x00007f2f6d7f57e0, 0x00007f2f6d7f5f48]
Event: 2,095 Thread 0x00007f2f7c0c6000 2195       3       java.io.BufferedWriter::min (9 bytes)
Event: 2,095 Thread 0x00007f2f7c0c6000 nmethod 2195 0x00007f2f6d7e8d50 code [0x00007f2f6d7e8ec0, 0x00007f2f6d7e9050]
Event: 2,095 Thread 0x00007f2f7c0c1000 nmethod 2170 0x00007f2f6d7f4250 code [0x00007f2f6d7f45a0, 0x00007f2f6d7f4618]
Event: 2,095 Thread 0x00007f2f7c0c1000 2101       4       com.sun.org.apache.xerces.internal.impl.XMLNSDocumentScannerImpl::scanAttribute (824 bytes)
Event: 2,096 Thread 0x00007f2f7c0c6000 2196       3       org.apache.ivy.util.MessageLoggerEngine::debug (11 bytes)
Event: 2,097 Thread 0x00007f2f7c0c6000 nmethod 2196 0x00007f2f6d7f6810 code [0x00007f2f6d7f6a20, 0x00007f2f6d7f77e8]
Event: 2,097 Thread 0x00007f2f7c0c6000 2197       3       org.apache.ivy.util.Message::debug (10 bytes)
Event: 2,098 Thread 0x00007f2f7c0c6000 nmethod 2197 0x00007f2f6d7f7d90 code [0x00007f2f6d7f7fc0, 0x00007f2f6d7f8e48]
Event: 2,105 Thread 0x00007f2f7c0c6000 2206       3       org.apache.ivy.util.XMLHelper::escape (142 bytes)

GC Heap History (10 events):
Event: 0,512 GC heap after
Heap after GC invocations=1 (full 0):
 PSYoungGen      total 36864K, used 4878K [0x00000000eab00000, 0x00000000ed400000, 0x0000000100000000)
  eden space 31744K, 0% used [0x00000000eab00000,0x00000000eab00000,0x00000000eca00000)
  from space 5120K, 95% used [0x00000000eca00000,0x00000000ecec3b48,0x00000000ecf00000)
  to   space 5120K, 0% used [0x00000000ecf00000,0x00000000ecf00000,0x00000000ed400000)
 ParOldGen       total 84992K, used 8K [0x00000000c0000000, 0x00000000c5300000, 0x00000000eab00000)
  object space 84992K, 0% used [0x00000000c0000000,0x00000000c0002000,0x00000000c5300000)
 Metaspace       used 8574K, capacity 8752K, committed 8832K, reserved 1056768K
  class space    used 1063K, capacity 1137K, committed 1152K, reserved 1048576K
}
Event: 0,810 GC heap before
{Heap before GC invocations=2 (full 0):
 PSYoungGen      total 36864K, used 36622K [0x00000000eab00000, 0x00000000ed400000, 0x0000000100000000)
  eden space 31744K, 100% used [0x00000000eab00000,0x00000000eca00000,0x00000000eca00000)
  from space 5120K, 95% used [0x00000000eca00000,0x00000000ecec3b48,0x00000000ecf00000)
  to   space 5120K, 0% used [0x00000000ecf00000,0x00000000ecf00000,0x00000000ed400000)
 ParOldGen       total 84992K, used 8K [0x00000000c0000000, 0x00000000c5300000, 0x00000000eab00000)
  object space 84992K, 0% used [0x00000000c0000000,0x00000000c0002000,0x00000000c5300000)
 Metaspace       used 13335K, capacity 13698K, committed 13952K, reserved 1060864K
  class space    used 1790K, capacity 1885K, committed 1920K, reserved 1048576K
Event: 0,814 GC heap after
Heap after GC invocations=2 (full 0):
 PSYoungGen      total 36864K, used 5119K [0x00000000eab00000, 0x00000000ed400000, 0x0000000100000000)
  eden space 31744K, 0% used [0x00000000eab00000,0x00000000eab00000,0x00000000eca00000)
  from space 5120K, 99% used [0x00000000ecf00000,0x00000000ed3ffd00,0x00000000ed400000)
  to   space 5120K, 0% used [0x00000000eca00000,0x00000000eca00000,0x00000000ecf00000)
 ParOldGen       total 84992K, used 124K [0x00000000c0000000, 0x00000000c5300000, 0x00000000eab00000)
  object space 84992K, 0% used [0x00000000c0000000,0x00000000c001f278,0x00000000c5300000)
 Metaspace       used 13335K, capacity 13698K, committed 13952K, reserved 1060864K
  class space    used 1790K, capacity 1885K, committed 1920K, reserved 1048576K
}
Event: 1,414 GC heap before
{Heap before GC invocations=3 (full 0):
 PSYoungGen      total 36864K, used 36863K [0x00000000eab00000, 0x00000000ed400000, 0x0000000100000000)
  eden space 31744K, 100% used [0x00000000eab00000,0x00000000eca00000,0x00000000eca00000)
  from space 5120K, 99% used [0x00000000ecf00000,0x00000000ed3ffd00,0x00000000ed400000)
  to   space 5120K, 0% used [0x00000000eca00000,0x00000000eca00000,0x00000000ecf00000)
 ParOldGen       total 84992K, used 124K [0x00000000c0000000, 0x00000000c5300000, 0x00000000eab00000)
  object space 84992K, 0% used [0x00000000c0000000,0x00000000c001f278,0x00000000c5300000)
 Metaspace       used 19797K, capacity 20564K, committed 20864K, reserved 1067008K
  class space    used 2677K, capacity 2823K, committed 2944K, reserved 1048576K
Event: 1,428 GC heap after
Heap after GC invocations=3 (full 0):
 PSYoungGen      total 36864K, used 5113K [0x00000000eab00000, 0x00000000ef300000, 0x0000000100000000)
  eden space 31744K, 0% used [0x00000000eab00000,0x00000000eab00000,0x00000000eca00000)
  from space 5120K, 99% used [0x00000000eca00000,0x00000000ecefe4b0,0x00000000ecf00000)
  to   space 5120K, 0% used [0x00000000eee00000,0x00000000eee00000,0x00000000ef300000)
 ParOldGen       total 84992K, used 2574K [0x00000000c0000000, 0x00000000c5300000, 0x00000000eab00000)
  object space 84992K, 3% used [0x00000000c0000000,0x00000000c0283be8,0x00000000c5300000)
 Metaspace       used 19797K, capacity 20564K, committed 20864K, reserved 1067008K
  class space    used 2677K, capacity 2823K, committed 2944K, reserved 1048576K
}
Event: 1,940 GC heap before
{Heap before GC invocations=4 (full 0):
 PSYoungGen      total 36864K, used 36857K [0x00000000eab00000, 0x00000000ef300000, 0x0000000100000000)
  eden space 31744K, 100% used [0x00000000eab00000,0x00000000eca00000,0x00000000eca00000)
  from space 5120K, 99% used [0x00000000eca00000,0x00000000ecefe4b0,0x00000000ecf00000)
  to   space 5120K, 0% used [0x00000000eee00000,0x00000000eee00000,0x00000000ef300000)
 ParOldGen       total 84992K, used 2574K [0x00000000c0000000, 0x00000000c5300000, 0x00000000eab00000)
  object space 84992K, 3% used [0x00000000c0000000,0x00000000c0283be8,0x00000000c5300000)
 Metaspace       used 20185K, capacity 20954K, committed 21120K, reserved 1067008K
  class space    used 2686K, capacity 2824K, committed 2944K, reserved 1048576K
Event: 1,953 GC heap after
Heap after GC invocations=4 (full 0):
 PSYoungGen      total 68608K, used 5102K [0x00000000eab00000, 0x00000000ef300000, 0x0000000100000000)
  eden space 63488K, 0% used [0x00000000eab00000,0x00000000eab00000,0x00000000ee900000)
  from space 5120K, 99% used [0x00000000eee00000,0x00000000ef2fbaa0,0x00000000ef300000)
  to   space 5120K, 0% used [0x00000000ee900000,0x00000000ee900000,0x00000000eee00000)
 ParOldGen       total 84992K, used 3735K [0x00000000c0000000, 0x00000000c5300000, 0x00000000eab00000)
  object space 84992K, 4% used [0x00000000c0000000,0x00000000c03a5cb8,0x00000000c5300000)
 Metaspace       used 20185K, capacity 20954K, committed 21120K, reserved 1067008K
  class space    used 2686K, capacity 2824K, committed 2944K, reserved 1048576K
}
Event: 2,105 GC heap before
{Heap before GC invocations=5 (full 0):
 PSYoungGen      total 68608K, used 14070K [0x00000000eab00000, 0x00000000ef300000, 0x0000000100000000)
  eden space 63488K, 14% used [0x00000000eab00000,0x00000000eb3c1e90,0x00000000ee900000)
  from space 5120K, 99% used [0x00000000eee00000,0x00000000ef2fbaa0,0x00000000ef300000)
  to   space 5120K, 0% used [0x00000000ee900000,0x00000000ee900000,0x00000000eee00000)
 ParOldGen       total 84992K, used 3735K [0x00000000c0000000, 0x00000000c5300000, 0x00000000eab00000)
  object space 84992K, 4% used [0x00000000c0000000,0x00000000c03a5cb8,0x00000000c5300000)
 Metaspace       used 20353K, capacity 21082K, committed 21296K, reserved 1067008K
  class space    used 2696K, capacity 2824K, committed 2944K, reserved 1048576K
Event: 2,120 GC heap after
Heap after GC invocations=5 (full 0):
 PSYoungGen      total 68608K, used 5111K [0x00000000eab00000, 0x00000000f3600000, 0x0000000100000000)
  eden space 63488K, 0% used [0x00000000eab00000,0x00000000eab00000,0x00000000ee900000)
  from space 5120K, 99% used [0x00000000ee900000,0x00000000eedfdfe8,0x00000000eee00000)
  to   space 7680K, 0% used [0x00000000f2e80000,0x00000000f2e80000,0x00000000f3600000)
 ParOldGen       total 84992K, used 3979K [0x00000000c0000000, 0x00000000c5300000, 0x00000000eab00000)
  object space 84992K, 4% used [0x00000000c0000000,0x00000000c03e2c60,0x00000000c5300000)
 Metaspace       used 20353K, capacity 21082K, committed 21296K, reserved 1067008K
  class space    used 2696K, capacity 2824K, committed 2944K, reserved 1048576K
}
Event: 2,120 GC heap before
{Heap before GC invocations=6 (full 1):
 PSYoungGen      total 68608K, used 5111K [0x00000000eab00000, 0x00000000f3600000, 0x0000000100000000)
  eden space 63488K, 0% used [0x00000000eab00000,0x00000000eab00000,0x00000000ee900000)
  from space 5120K, 99% used [0x00000000ee900000,0x00000000eedfdfe8,0x00000000eee00000)
  to   space 7680K, 0% used [0x00000000f2e80000,0x00000000f2e80000,0x00000000f3600000)
 ParOldGen       total 84992K, used 3979K [0x00000000c0000000, 0x00000000c5300000, 0x00000000eab00000)
  object space 84992K, 4% used [0x00000000c0000000,0x00000000c03e2c60,0x00000000c5300000)
 Metaspace       used 20353K, capacity 21082K, committed 21296K, reserved 1067008K
  class space    used 2696K, capacity 2824K, committed 2944K, reserved 1048576K

Deoptimization events (10 events):
Event: 1,850 Thread 0x00007f2f7c010000 Uncommon trap: reason=class_check action=maybe_recompile pc=0x00007f2f6d7011bc method=java.util.HashMap.putVal(ILjava/lang/Object;Ljava/lang/Object;ZZ)Ljava/lang/Object; @ 203
Event: 1,850 Thread 0x00007f2f7c010000 Uncommon trap: reason=class_check action=maybe_recompile pc=0x00007f2f6d57754c method=java.util.HashMap.putVal(ILjava/lang/Object;Ljava/lang/Object;ZZ)Ljava/lang/Object; @ 203
Event: 1,892 Thread 0x00007f2f7c010000 Uncommon trap: reason=unstable_if action=reinterpret pc=0x00007f2f6d5ced00 method=com.sun.org.apache.xerces.internal.utils.XMLLimitAnalyzer.addValue(ILjava/lang/String;I)V @ 78
Event: 1,893 Thread 0x00007f2f7c010000 Uncommon trap: reason=unstable_if action=reinterpret pc=0x00007f2f6d6cf17c method=com.sun.org.apache.xerces.internal.impl.XMLDocumentFragmentScannerImpl$FragmentContentDriver.next()I @ 76
Event: 1,898 Thread 0x00007f2f7c010000 Uncommon trap: reason=predicate action=maybe_recompile pc=0x00007f2f6d7586d4 method=java.util.AbstractCollection.toArray([Ljava/lang/Object;)[Ljava/lang/Object; @ 49
Event: 1,920 Thread 0x00007f2f7c010000 Uncommon trap: reason=array_check action=maybe_recompile pc=0x00007f2f6d770a0c method=java.util.AbstractCollection.toArray([Ljava/lang/Object;)[Ljava/lang/Object; @ 119
Event: 1,921 Thread 0x00007f2f7c010000 Uncommon trap: reason=array_check action=maybe_recompile pc=0x00007f2f6d770a0c method=java.util.AbstractCollection.toArray([Ljava/lang/Object;)[Ljava/lang/Object; @ 119
Event: 1,921 Thread 0x00007f2f7c010000 Uncommon trap: reason=array_check action=maybe_recompile pc=0x00007f2f6d770a0c method=java.util.AbstractCollection.toArray([Ljava/lang/Object;)[Ljava/lang/Object; @ 119
Event: 1,921 Thread 0x00007f2f7c010000 Uncommon trap: reason=array_check action=maybe_recompile pc=0x00007f2f6d770a0c method=java.util.AbstractCollection.toArray([Ljava/lang/Object;)[Ljava/lang/Object; @ 119
Event: 2,095 Thread 0x00007f2f7c010000 Uncommon trap: reason=unstable_if action=reinterpret pc=0x00007f2f6d7f6648 method=java.util.ArrayList.<init>(Ljava/util/Collection;)V @ 18

Classes redefined (0 events):
No events

Internal exceptions (10 events):
Event: 0,698 Thread 0x00007f2f7c010000 Exception <a 'java/lang/NoSuchMethodError': java.lang.Object.$anonfun$enumerationAsScalaIteratorConverter$1(Lscala/collection/convert/DecorateAsScala;Ljava/util/Enumeration;)Lscala/collection/Iterator;> (0x00000000ebeaf930) thrown at [/build/openjdk-8-85W
Event: 0,700 Thread 0x00007f2f7c010000 Exception <a 'java/lang/NoSuchMethodError': java.lang.Object.$anonfun$initializeLogging$2$adapted(Ljava/lang/Object;)Ljava/lang/Object;> (0x00000000ebee1038) thrown at [/build/openjdk-8-85WbbC/openjdk-8-8u312-b07/src/hotspot/src/share/vm/interpreter/linkR
Event: 0,709 Thread 0x00007f2f7c010000 Exception <a 'java/lang/NoSuchMethodError': java.lang.Object.$anonfun$seqAsJavaListConverter$1(Lscala/collection/convert/DecorateAsJava;Lscala/collection/Seq;)Ljava/util/List;> (0x00000000ebf95058) thrown at [/build/openjdk-8-85WbbC/openjdk-8-8u312-b07/sr
Event: 0,731 Thread 0x00007f2f7c010000 Exception <a 'java/lang/NoSuchMethodError': java.lang.Object.$anonfun$asScalaBufferConverter$1(Lscala/collection/convert/DecorateAsScala;Ljava/util/List;)Lscala/collection/mutable/Buffer;> (0x00000000ec1c21f8) thrown at [/build/openjdk-8-85WbbC/openjdk-8-
Event: 0,740 Thread 0x00007f2f7c010000 Exception <a 'java/lang/NoSuchMethodError': java.lang.Object.$anonfun$asScalaSetConverter$1(Lscala/collection/convert/DecorateAsScala;Ljava/util/Set;)Lscala/collection/mutable/Set;> (0x00000000ec2645d8) thrown at [/build/openjdk-8-85WbbC/openjdk-8-8u312-b
Event: 0,751 Thread 0x00007f2f7c010000 Exception <a 'java/lang/NoSuchMethodError': java.lang.Object.$anonfun$map$1(Lscala/collection/mutable/Builder;Lscala/Function1;Ljava/lang/Object;)Lscala/collection/mutable/Builder;> (0x00000000ec39e148) thrown at [/build/openjdk-8-85WbbC/openjdk-8-8u312-b
Event: 0,776 Thread 0x00007f2f7c010000 Exception <a 'java/lang/NoSuchMethodError': java.lang.Object.$anonfun$filterImpl$1(Lscala/Function1;ZLscala/collection/mutable/Builder;Ljava/lang/Object;)Ljava/lang/Object;> (0x00000000ec605170) thrown at [/build/openjdk-8-85WbbC/openjdk-8-8u312-b07/src/h
Event: 0,897 Thread 0x00007f2f7c010000 Exception <a 'java/lang/NoSuchMethodError': java.lang.Object.$anonfun$flatMap$1(Lscala/collection/mutable/Builder;Lscala/Function1;Ljava/lang/Object;)Lscala/collection/mutable/Builder;> (0x00000000eb054cb0) thrown at [/build/openjdk-8-85WbbC/openjdk-8-8u3
Event: 1,014 Thread 0x00007f2f7c010000 Implicit null exception at 0x00007f2f6d24c8f3 to 0x00007f2f6d24ccc5
Event: 1,111 Thread 0x00007f2f7c010000 Implicit null exception at 0x00007f2f6d221b76 to 0x00007f2f6d221ea9

Events (10 events):
Event: 2,076 loading class java/util/Arrays$LegacyMergeSort done
Event: 2,076 loading class java/util/ComparableTimSort
Event: 2,076 loading class java/util/ComparableTimSort done
Event: 2,095 Thread 0x00007f2f7c010000 Uncommon trap: trap_request=0xffffff65 fr.pc=0x00007f2f6d7f6648
Event: 2,095 Thread 0x00007f2f7c010000 DEOPT PACKING pc=0x00007f2f6d7f6648 sp=0x00007f2f81b12740
Event: 2,096 Thread 0x00007f2f7c010000 DEOPT UNPACKING pc=0x00007f2f6d04547a sp=0x00007f2f81b12710 mode 2
Event: 2,104 loading class org/apache/ivy/util/MessageLoggerHelper
Event: 2,104 loading class org/apache/ivy/util/MessageLoggerHelper done
Event: 2,105 loading class java/util/Vector$Itr
Event: 2,105 Executing VM operation: CollectForMetadataAllocation


Dynamic libraries:
c0000000-c5300000 rw-p 00000000 00:00 0 
c5300000-eab00000 ---p 00000000 00:00 0 
eab00000-f3600000 rw-p 00000000 00:00 0 
f3600000-100000000 ---p 00000000 00:00 0 
100000000-1002e0000 rw-p 00000000 00:00 0 
1002e0000-140000000 ---p 00000000 00:00 0 
555bd430a000-555bd430b000 r--p 00000000 08:16 1840548                    /usr/lib/jvm/java-8-openjdk-amd64/jre/bin/java
555bd430b000-555bd430c000 r-xp 00001000 08:16 1840548                    /usr/lib/jvm/java-8-openjdk-amd64/jre/bin/java
555bd430c000-555bd430d000 r--p 00002000 08:16 1840548                    /usr/lib/jvm/java-8-openjdk-amd64/jre/bin/java
555bd430d000-555bd430e000 r--p 00002000 08:16 1840548                    /usr/lib/jvm/java-8-openjdk-amd64/jre/bin/java
555bd430e000-555bd430f000 rw-p 00003000 08:16 1840548                    /usr/lib/jvm/java-8-openjdk-amd64/jre/bin/java
555bd53d2000-555bd5414000 rw-p 00000000 00:00 0                          [heap]
7f2f33423000-7f2f33435000 r--s 0034c000 08:16 1840825                    /usr/lib/jvm/java-8-openjdk-amd64/jre/lib/resources.jar
7f2f33435000-7f2f33621000 rw-p 00000000 00:00 0 
7f2f33621000-7f2f33635000 ---p 00000000 00:00 0 
7f2f33635000-7f2f33835000 rw-p 00000000 00:00 0 
7f2f33835000-7f2f33846000 r--s 001c5000 08:16 1840820                    /usr/lib/jvm/java-8-openjdk-amd64/jre/lib/jsse.jar
7f2f33846000-7f2f33a46000 rw-p 00000000 00:00 0 
7f2f33a46000-7f2f33c46000 rw-p 00000000 00:00 0 
7f2f33c46000-7f2f33c54000 r--s 000d5000 08:16 2907852                    /opt/spark/jars/janino-3.0.16.jar
7f2f33c54000-7f2f33c57000 r--s 00026000 08:16 2907663                    /opt/spark/jars/antlr-runtime-3.5.2.jar
7f2f33c57000-7f2f33c5a000 r--s 00006000 08:16 2907891                    /opt/spark/jars/jsr305-3.0.0.jar
7f2f33c5a000-7f2f33c5d000 r--s 00015000 08:16 2907991                    /opt/spark/jars/parquet-common-1.12.2.jar
7f2f33c5d000-7f2f33c63000 r--s 0003a000 08:16 2907863                    /opt/spark/jars/jersey-client-2.34.jar
7f2f33c63000-7f2f33c6f000 r--s 000a1000 08:16 2907993                    /opt/spark/jars/parquet-format-structures-1.12.2.jar
7f2f33c6f000-7f2f33c73000 r--s 00024000 08:16 2908026                    /opt/spark/jars/spark-network-shuffle_2.12-3.2.1.jar
7f2f33c73000-7f2f33c76000 r--s 0001a000 08:16 2908036                    /opt/spark/jars/spire-macros_2.12-0.17.0.jar
7f2f33c76000-7f2f33c7c000 r--s 00037000 08:16 2907945                    /opt/spark/jars/libthrift-0.12.0.jar
7f2f33c7c000-7f2f33c7e000 r--s 00005000 08:16 2908041                    /opt/spark/jars/stax-api-1.0.1.jar
7f2f33c7e000-7f2f33c81000 r--s 00025000 08:16 2907720                    /opt/spark/jars/commons-dbcp-1.4.jar
7f2f33c81000-7f2f33c89000 r--s 0005d000 08:16 2907895                    /opt/spark/jars/kryo-shaded-4.0.2.jar
7f2f33c89000-7f2f33cd4000 r--s 007aa000 08:16 2908029                    /opt/spark/jars/spark-sql_2.12-3.2.1.jar
7f2f33cd4000-7f2f33cde000 r--s 00086000 08:16 2907730                    /opt/spark/jars/commons-lang3-3.12.0.jar
7f2f33cde000-7f2f33ce3000 r--s 00012000 08:16 2907848                    /opt/spark/jars/jakarta.validation-api-2.0.2.jar
7f2f33ce3000-7f2f33ceb000 r--s 00049000 08:16 2907834                    /opt/spark/jars/httpcore-4.4.14.jar
7f2f33ceb000-7f2f33cf2000 r--s 00046000 08:16 2907944                    /opt/spark/jars/libfb303-0.9.3.jar
7f2f33cf2000-7f2f33cf5000 r--s 00046000 08:16 2908022                    /opt/spark/jars/spark-mesos_2.12-3.2.1.jar
7f2f33cf5000-7f2f33cf6000 r--s 00004000 08:16 2907699                    /opt/spark/jars/audience-annotations-0.5.0.jar
7f2f33cf6000-7f2f33cf7000 r--s 00001000 08:16 2907958                    /opt/spark/jars/minlog-1.3.0.jar
7f2f33cf7000-7f2f33d0d000 r--s 001bc000 08:16 2907785                    /opt/spark/jars/datanucleus-rdbms-4.1.19.jar
7f2f33d0d000-7f2f33d13000 r--s 00040000 08:16 2907721                    /opt/spark/jars/commons-io-2.8.0.jar
7f2f33d13000-7f2f33d14000 r--s 00005000 08:16 2907954                    /opt/spark/jars/metrics-graphite-4.2.0.jar
7f2f33d14000-7f2f33d16000 r--s 00007000 08:16 2908051                    /opt/spark/jars/zjsonpatch-0.3.0.jar
7f2f33d16000-7f2f33d19000 r--s 00015000 08:16 2907734                    /opt/spark/jars/commons-pool-1.5.4.jar
7f2f33d19000-7f2f33d1a000 r--s 00014000 08:16 2907981                    /opt/spark/jars/okio-1.14.0.jar
7f2f33d1a000-7f2f33d33000 r--s 00109000 08:16 2907864                    /opt/spark/jars/jersey-common-2.34.jar
7f2f33d33000-7f2f33d3b000 r--s 00059000 08:16 2907857                    /opt/spark/jars/javolution-5.5.1.jar
7f2f33d3b000-7f2f33d41000 r--s 0007b000 08:16 2907888                    /opt/spark/jars/json4s-core_2.12-3.7.0-M11.jar
7f2f33d41000-7f2f33d44000 r--s 00021000 08:16 2907934                    /opt/spark/jars/kubernetes-model-node-5.4.1.jar
7f2f33d44000-7f2f33d48000 r--s 00035000 08:16 2907839                    /opt/spark/jars/jackson-core-asl-1.9.13.jar
7f2f33d48000-7f2f33d49000 r--s 00008000 08:16 2908038                    /opt/spark/jars/spire-util_2.12-0.17.0.jar
7f2f33d49000-7f2f33d50000 r--s 0005d000 08:16 2907844                    /opt/spark/jars/jackson-module-scala_2.12-2.12.3.jar
7f2f33d50000-7f2f33d55000 r--s 0003e000 08:16 2907733                    /opt/spark/jars/commons-net-3.1.jar
7f2f33d55000-7f2f33d57000 r--s 00002000 08:16 2907949                    /opt/spark/jars/logging-interceptor-3.12.12.jar
7f2f33d57000-7f2f33d7b000 r--s 0035e000 08:16 2908004                    /opt/spark/jars/scala-reflect-2.12.15.jar
7f2f33d7b000-7f2f33d87000 r--s 000eb000 08:16 2907983                    /opt/spark/jars/orc-core-1.6.12.jar
7f2f33d87000-7f2f33d8e000 r--s 00044000 08:16 2907937                    /opt/spark/jars/kubernetes-model-policy-5.4.1.jar
7f2f33d8e000-7f2f33d99000 r--s 000b4000 08:16 2907855                    /opt/spark/jars/javassist-3.25.0-GA.jar
7f2f33d99000-7f2f34000000 r--s 01bd9000 08:16 2907802                    /opt/spark/jars/hadoop-client-runtime-3.3.1.jar
7f2f34000000-7f2f34021000 rw-p 00000000 00:00 0 
7f2f34021000-7f2f38000000 ---p 00000000 00:00 0 
7f2f38000000-7f2f38021000 rw-p 00000000 00:00 0 
7f2f38021000-7f2f3c000000 ---p 00000000 00:00 0 
7f2f3c000000-7f2f3c2fe000 rw-p 00000000 00:00 0 
7f2f3c2fe000-7f2f40000000 ---p 00000000 00:00 0 
7f2f40000000-7f2f402a8000 rw-p 00000000 00:00 0 
7f2f402a8000-7f2f44000000 ---p 00000000 00:00 0 
7f2f44000000-7f2f44021000 rw-p 00000000 00:00 0 
7f2f44021000-7f2f48000000 ---p 00000000 00:00 0 
7f2f48000000-7f2f48343000 rw-p 00000000 00:00 0 
7f2f48343000-7f2f4c000000 ---p 00000000 00:00 0 
7f2f4c000000-7f2f4c021000 rw-p 00000000 00:00 0 
7f2f4c021000-7f2f50000000 ---p 00000000 00:00 0 
7f2f50000000-7f2f50021000 rw-p 00000000 00:00 0 
7f2f50021000-7f2f54000000 ---p 00000000 00:00 0 
7f2f54000000-7f2f54021000 rw-p 00000000 00:00 0 
7f2f54021000-7f2f58000000 ---p 00000000 00:00 0 
7f2f58000000-7f2f58021000 rw-p 00000000 00:00 0 
7f2f58021000-7f2f5c000000 ---p 00000000 00:00 0 
7f2f5c000000-7f2f5c006000 r--s 0004a000 08:16 2907810                    /opt/spark/jars/hive-llap-common-2.3.9.jar
7f2f5c006000-7f2f5c00a000 r--s 00052000 08:16 2908035                    /opt/spark/jars/spark-yarn_2.12-3.2.1.jar
7f2f5c00a000-7f2f5c00c000 r--s 00010000 08:16 2907868                    /opt/spark/jars/jersey-container-servlet-core-2.34.jar
7f2f5c00c000-7f2f5c00e000 r--s 00006000 08:16 2908028                    /opt/spark/jars/spark-sketch_2.12-3.2.1.jar
7f2f5c00e000-7f2f5c013000 r--s 0002a000 08:16 2907792                    /opt/spark/jars/gson-2.2.4.jar
7f2f5c013000-7f2f5c015000 r--s 0000c000 08:16 2907815                    /opt/spark/jars/hive-shims-0.23-2.3.9.jar
7f2f5c015000-7f2f5c017000 r--s 00010000 08:16 2907931                    /opt/spark/jars/kubernetes-model-metrics-5.4.1.jar
7f2f5c017000-7f2f5c024000 r--s 00083000 08:16 2907715                    /opt/spark/jars/commons-collections-3.2.2.jar
7f2f5c024000-7f2f5c079000 r--s 00a24000 08:16 2908001                    /opt/spark/jars/scala-compiler-2.12.15.jar
7f2f5c079000-7f2f5c093000 r--s 00155000 08:16 2907832                    /opt/spark/jars/htrace-core4-4.1.0-incubating.jar
7f2f5c093000-7f2f5c095000 r--s 0001b000 08:16 2908023                    /opt/spark/jars/spark-mllib-local_2.12-3.2.1.jar
7f2f5c095000-7f2f5c097000 r--s 0001b000 08:16 2907809                    /opt/spark/jars/hive-jdbc-2.3.9.jar
7f2f5c097000-7f2f5c098000 r--s 00002000 08:16 2908032                    /opt/spark/jars/spark-tags_2.12-3.2.1-tests.jar
7f2f5c098000-7f2f5c0ac000 r--s 000d4000 08:16 2907870                    /opt/spark/jars/jersey-server-2.34.jar
7f2f5c0ac000-7f2f5c0b2000 r--s 00065000 08:16 2907807                    /opt/spark/jars/hive-common-2.3.9.jar
7f2f5c0b2000-7f2f5c0b4000 r--s 00012000 08:16 2907736                    /opt/spark/jars/compress-lzf-1.0.3.jar
7f2f5c0b4000-7f2f5c0b7000 r--s 00014000 08:16 2908043                    /opt/spark/jars/super-csv-2.2.0.jar
7f2f5c0b7000-7f2f5c0ba000 r--s 0001c000 08:16 2907953                    /opt/spark/jars/metrics-core-4.2.0.jar
7f2f5c0ba000-7f2f5c0bf000 r--s 00083000 08:16 2908005                    /opt/spark/jars/scala-xml_2.12-1.2.0.jar
7f2f5c0bf000-7f2f5c2bf000 rw-p 00000000 00:00 0 
7f2f5c2bf000-7f2f5c2c1000 r--s 00009000 08:16 2908008                    /opt/spark/jars/slf4j-api-1.7.30.jar
7f2f5c2c1000-7f2f5c2f2000 r--s 002e7000 08:16 2908006                    /opt/spark/jars/shapeless_2.12-2.3.3.jar
7f2f5c2f2000-7f2f5c2f7000 r--s 0002c000 08:16 2907823                    /opt/spark/jars/hk2-api-2.6.1.jar
7f2f5c2f7000-7f2f5c2f9000 r--s 00009000 08:16 2907711                    /opt/spark/jars/commons-cli-1.2.jar
7f2f5c2f9000-7f2f5c2fe000 r--s 00041000 08:16 2907722                    /opt/spark/jars/commons-lang-2.6.jar
7f2f5c2fe000-7f2f5c300000 r--s 00003000 08:16 2907662                    /opt/spark/jars/annotations-17.0.0.jar
7f2f5c300000-7f2f5c302000 r--s 00000000 08:16 2907893                    /opt/spark/jars/jul-to-slf4j-1.7.30.jar
7f2f5c302000-7f2f5c304000 r--s 0000e000 08:16 2907731                    /opt/spark/jars/commons-logging-1.1.3.jar
7f2f5c304000-7f2f5c30b000 r--s 0005a000 08:16 2907914                    /opt/spark/jars/kubernetes-model-apps-5.4.1.jar
7f2f5c30b000-7f2f5c30d000 r--s 000c5000 08:16 2907942                    /opt/spark/jars/lapack-2.2.1.jar
7f2f5c30d000-7f2f5c32d000 r--s 0017b000 08:16 2907814                    /opt/spark/jars/hive-service-rpc-3.1.2.jar
7f2f5c32d000-7f2f5c356000 r--s 001ee000 08:16 2907796                    /opt/spark/jars/guava-14.0.1.jar
7f2f5c356000-7f2f5c395000 r--s 0059c000 08:16 2908024                    /opt/spark/jars/spark-mllib_2.12-3.2.1.jar
7f2f5c395000-7f2f5c3a1000 r--s 00112000 08:16 2907661                    /opt/spark/jars/algebra_2.12-2.0.1.jar
7f2f5c3a1000-7f2f5c3a5000 r--s 0003e000 08:16 2907871                    /opt/spark/jars/jline-2.14.6.jar
7f2f5c3a5000-7f2f5c3b0000 r--s 00086000 08:16 2907701                    /opt/spark/jars/avro-1.10.2.jar
7f2f5c3b0000-7f2f5c3f4000 r--s 00352000 08:16 2907923                    /opt/spark/jars/kubernetes-model-core-5.4.1.jar
7f2f5c3f4000-7f2f5c3f5000 r--s 0000b000 08:16 2907984                    /opt/spark/jars/orc-mapreduce-1.6.12.jar
7f2f5c3f5000-7f2f5c406000 r--s 0008d000 08:16 2907872                    /opt/spark/jars/joda-time-2.10.10.jar
7f2f5c406000-7f2f5c408000 r--s 0000f000 08:16 2907659                    /opt/spark/jars/activation-1.1.1.jar
7f2f5c408000-7f2f5c441000 r--s 004f8000 08:16 2908002                    /opt/spark/jars/scala-library-2.12.15.jar
7f2f5c441000-7f2f5c45d000 r--s 001af000 08:16 2907995                    /opt/spark/jars/parquet-jackson-1.12.2.jar
7f2f5c45d000-7f2f5c4f8000 r--s 009bc000 08:16 2907808                    /opt/spark/jars/hive-exec-2.3.9-core.jar
7f2f5c4f8000-7f2f5c4f9000 r--s 00004000 08:16 2907846                    /opt/spark/jars/jakarta.inject-2.6.1.jar
7f2f5c4f9000-7f2f5c502000 r--s 00065000 08:16 2908047                    /opt/spark/jars/univocity-parsers-2.9.1.jar
7f2f5c502000-7f2f5c50f000 r--s 00083000 08:16 2907915                    /opt/spark/jars/kubernetes-model-autoscaling-5.4.1.jar
7f2f5c50f000-7f2f5c55b000 r--s 00403000 08:16 2907959                    /opt/spark/jars/netty-all-4.1.68.Final.jar
7f2f5c55b000-7f2f5c55e000 r--s 00019000 08:16 2907705                    /opt/spark/jars/bonecp-0.8.0.RELEASE.jar
7f2f5c55e000-7f2f5c561000 r--s 0000f000 08:16 2907716                    /opt/spark/jars/commons-compiler-3.0.16.jar
7f2f5c561000-7f2f5c565000 r--s 00036000 08:16 2907821                    /opt/spark/jars/hive-storage-api-2.7.2.jar
7f2f5c565000-7f2f5c567000 r--s 0000c000 08:16 2907804                    /opt/spark/jars/hadoop-yarn-server-web-proxy-3.3.1.jar
7f2f5c567000-7f2f5c56a000 r--s 00015000 08:16 2907927                    /opt/spark/jars/kubernetes-model-events-5.4.1.jar
7f2f5c56a000-7f2f5c56e000 r--s 0002e000 08:16 2907826                    /opt/spark/jars/hk2-locator-2.6.1.jar
7f2f5c56e000-7f2f5c574000 r--s 02264000 08:16 2907999                    /opt/spark/jars/rocksdbjni-6.20.3.jar
7f2f5c574000-7f2f5c575000 r--s 00003000 08:16 2908046                    /opt/spark/jars/transaction-api-1.1.jar
7f2f5c575000-7f2f5c57b000 r--s 00037000 08:16 2907856                    /opt/spark/jars/javax.jdo-3.2.0-m3.jar
7f2f5c57b000-7f2f5c57d000 r--s 00001000 08:16 2907817                    /opt/spark/jars/hive-shims-2.3.9.jar
7f2f5c57d000-7f2f5c581000 r--s 00036000 08:16 2908044                    /opt/spark/jars/threeten-extra-1.5.0.jar
7f2f5c581000-7f2f5c584000 r--s 0000d000 08:16 2908019                    /opt/spark/jars/spark-kvstore_2.12-3.2.1.jar
7f2f5c584000-7f2f5c587000 r--s 00019000 08:16 2908000                    /opt/spark/jars/scala-collection-compat_2.12-2.1.1.jar
7f2f5c587000-7f2f5c58b000 r--s 00033000 08:16 2908003                    /opt/spark/jars/scala-parser-combinators_2.12-1.1.2.jar
7f2f5c58b000-7f2f5c58d000 r--s 0000b000 08:16 2908034                    /opt/spark/jars/spark-unsafe_2.12-3.2.1.jar
7f2f5c58d000-7f2f5c595000 r--s 00084000 08:16 2908016                    /opt/spark/jars/spark-hive-thriftserver_2.12-3.2.1.jar
7f2f5c595000-7f2f5c598000 r--s 0002b000 08:16 2907702                    /opt/spark/jars/avro-ipc-1.10.2.jar
7f2f5c598000-7f2f5c59a000 r--s 0000c000 08:16 2907960                    /opt/spark/jars/objenesis-2.6.jar
7f2f5c59a000-7f2f5c59e000 r--s 00065000 08:16 2908015                    /opt/spark/jars/spark-graphx_2.12-3.2.1.jar
7f2f5c59e000-7f2f5c59f000 r--s 00002000 08:16 2907875                    /opt/spark/jars/jpam-1.1.jar
7f2f5c59f000-7f2f5c5a3000 r--s 00024000 08:16 2907939                    /opt/spark/jars/kubernetes-model-rbac-5.4.1.jar
7f2f5c5a3000-7f2f5c5a5000 r--s 00003000 08:16 2907956                    /opt/spark/jars/metrics-json-4.2.0.jar
7f2f5c5a5000-7f2f5c5ad000 r--s 00058000 08:16 2908048                    /opt/spark/jars/velocity-1.5.jar
7f2f5c5ad000-7f2f5c5ae000 r--s 00004000 08:16 2907789                    /opt/spark/jars/flatbuffers-java-1.9.0.jar
7f2f5c5ae000-7f2f5c5b3000 r--s 00055000 08:16 2907756                    /opt/spark/jars/datanucleus-api-jdo-4.2.4.jar
7f2f5c5b3000-7f2f5c5b8000 r--s 00051000 08:16 2907890                    /opt/spark/jars/json4s-scalap_2.12-3.7.0-M11.jar
7f2f5c5b8000-7f2f5c5bc000 r--s 0003a000 08:16 2908053                    /opt/spark/jars/zookeeper-jute-3.6.2.jar
7f2f5c5bc000-7f2f5c5bd000 r--s 00003000 08:16 2907790                    /opt/spark/jars/generex-1.0.2.jar
7f2f5c5bd000-7f2f5c5c1000 r--s 0001d000 08:16 2907830                    /opt/spark/jars/hk2-utils-2.6.1.jar
7f2f5c5c1000-7f2f5c5c2000 r--s 00000000 08:16 2907951                    /opt/spark/jars/macro-compat_2.12-1.1.1.jar
7f2f5c5c2000-7f2f5c5c3000 r--s 00012000 08:16 2907666                    /opt/spark/jars/arpack-2.2.1.jar
7f2f5c5c3000-7f2f5c604000 r--s 006c0000 08:16 2907952                    /opt/spark/jars/mesos-1.4.0-shaded-protobuf.jar
7f2f5c604000-7f2f5c62b000 r--s 001c0000 08:16 2907990                    /opt/spark/jars/parquet-column-1.12.2.jar
7f2f5c62b000-7f2f5c62e000 r--s 0001f000 08:16 2907654                    /opt/spark/jars/HikariCP-2.5.1.jar
7f2f5c62e000-7f2f5c630000 r--s 0000a000 08:16 2907922                    /opt/spark/jars/kubernetes-model-coordination-5.4.1.jar
7f2f5c630000-7f2f5c631000 r--s 00005000 08:16 2907957                    /opt/spark/jars/metrics-jvm-4.2.0.jar
7f2f5c631000-7f2f5c633000 r--s 00005000 08:16 2907845                    /opt/spark/jars/jakarta.annotation-api-1.3.5.jar
7f2f5c633000-7f2f5c640000 r--s 00083000 08:16 2907913                    /opt/spark/jars/kubernetes-model-apiextensions-5.4.1.jar
7f2f5c640000-7f2f5c644000 r--s 00018000 08:16 2907842                    /opt/spark/jars/jackson-datatype-jsr310-2.11.2.jar
7f2f5c644000-7f2f5c646000 r--s 00005000 08:16 2907665                    /opt/spark/jars/aopalliance-repackaged-2.6.1.jar
7f2f5c646000-7f2f5c64d000 r--s 00045000 08:16 2908010                    /opt/spark/jars/snakeyaml-1.27.jar
7f2f5c64d000-7f2f5c65f000 r--s 0011f000 08:16 2908052                    /opt/spark/jars/zookeeper-3.6.2.jar
7f2f5c65f000-7f2f5c6e3000 r--s 00ccc000 08:16 2907707                    /opt/spark/jars/breeze_2.12-1.2.jar
7f2f5c6e3000-7f2f5c6ee000 r--s 0010b000 08:16 2908030                    /opt/spark/jars/spark-streaming_2.12-3.2.1.jar
7f2f5c6ee000-7f2f5c71d000 r--s 002e7000 08:16 2907786                    /opt/spark/jars/derby-10.14.2.0.jar
7f2f5c71d000-7f2f5c722000 r--s 0006a000 08:16 2908018                    /opt/spark/jars/spark-kubernetes_2.12-3.2.1.jar
7f2f5c722000-7f2f5c725000 r--s 00016000 08:16 2907695                    /opt/spark/jars/arrow-memory-core-2.0.0.jar
7f2f5c725000-7f2f5c727000 r--s 00011000 08:16 2908021                    /opt/spark/jars/spark-launcher_2.12-3.2.1.jar
7f2f5c727000-7f2f5c729000 r--s 00010000 08:16 2907668                    /opt/spark/jars/arrow-format-2.0.0.jar
7f2f5c729000-7f2f5c72a000 r--s 00002000 08:16 2907921                    /opt/spark/jars/kubernetes-model-common-5.4.1.jar
7f2f5c72a000-7f2f5c79c000 r--s 00aa9000 08:16 2908013                    /opt/spark/jars/spark-catalyst_2.12-3.2.1.jar
7f2f5c79c000-7f2f5c79d000 r--s 00000000 08:16 2908007                    /opt/spark/jars/shims-0.9.0.jar
7f2f5c79d000-7f2f5c7ae000 r--s 000e8000 08:16 2907717                    /opt/spark/jars/commons-compress-1.21.jar
7f2f5c7ae000-7f2f5c7b2000 r--s 00028000 08:16 2907926                    /opt/spark/jars/kubernetes-model-discovery-5.4.1.jar
7f2f5c7b2000-7f2f5c7cb000 r--s 001d4000 08:16 2907784                    /opt/spark/jars/datanucleus-core-4.1.17.jar
7f2f5c7cb000-7f2f5c7cd000 r--s 0000b000 08:16 2907841                    /opt/spark/jars/jackson-dataformat-yaml-2.12.3.jar
7f2f5c7cd000-7f2f5c7cf000 r--s 00008000 08:16 2907889                    /opt/spark/jars/json4s-jackson_2.12-3.7.0-M11.jar
7f2f5c7cf000-7f2f5c7d5000 r--s 0004d000 08:16 2907664                    /opt/spark/jars/antlr4-runtime-4.8.jar
7f2f5c7d5000-7f2f5c7d7000 r--s 0000e000 08:16 2907987                    /opt/spark/jars/oro-2.0.8.jar
7f2f5c7d7000-7f2f5c868000 r--s 00740000 08:16 2907811                    /opt/spark/jars/hive-metastore-2.3.9.jar
7f2f5c868000-7f2f5c869000 r--s 00003000 08:16 2907788                    /opt/spark/jars/dropwizard-metrics-hadoop-metrics2-reporter-0.1.2.jar
7f2f5c869000-7f2f5c88d000 r--s 001cd000 08:16 2907732                    /opt/spark/jars/commons-math3-3.4.1.jar
7f2f5c88d000-7f2f5c89a000 r--s 000b2000 08:16 2907833                    /opt/spark/jars/httpclient-4.5.13.jar
7f2f5c89a000-7f2f5c8a0000 r--s 00063000 08:16 2907961                    /opt/spark/jars/okhttp-3.12.12.jar
7f2f5c8a0000-7f2f5c8ab000 r--s 000c5000 08:16 2907992                    /opt/spark/jars/parquet-encoding-1.12.2.jar
7f2f5c8ab000-7f2f5c8af000 r--s 00044000 08:16 2908049                    /opt/spark/jars/xbean-asm9-shaded-4.20.jar
7f2f5c8af000-7f2f5c8b2000 r--s 0009c000 08:16 2907950                    /opt/spark/jars/lz4-java-1.7.1.jar
7f2f5c8b2000-7f2f5c903000 r--s 002e4000 08:16 2907803                    /opt/spark/jars/hadoop-shaded-guava-1.1.1.jar
7f2f5c903000-7f2f5c909000 r--s 0002c000 08:16 2907753                    /opt/spark/jars/curator-framework-2.13.0.jar
7f2f5c909000-7f2f5c911000 r--s 0007b000 08:16 2907996                    /opt/spark/jars/protobuf-java-2.5.0.jar
7f2f5c911000-7f2f5c912000 r--s 00009000 08:16 2907697                    /opt/spark/jars/arrow-memory-netty-2.0.0.jar
7f2f5c912000-7f2f5c94a000 r--s 006b1000 08:16 2908039                    /opt/spark/jars/spire_2.12-0.17.0.jar
7f2f5c94a000-7f2f5c981000 r--s 00219000 08:16 2907738                    /opt/spark/jars/curator-client-2.13.0.jar
7f2f5c981000-7f2f5c985000 r--s 00035000 08:16 2907655                    /opt/spark/jars/JLargeArrays-1.5.jar
7f2f5c985000-7f2f5c989000 r--s 001de000 08:16 2908012                    /opt/spark/jars/snappy-java-1.1.8.4.jar
7f2f5c989000-7f2f5c98d000 r--s 00017000 08:16 2908050                    /opt/spark/jars/xz-1.8.jar
7f2f5c98d000-7f2f5c991000 r--s 00011000 08:16 2907847                    /opt/spark/jars/jakarta.servlet-api-4.0.3.jar
7f2f5c991000-7f2f5c9a3000 r--s 000ce000 08:16 2907813                    /opt/spark/jars/hive-serde-2.3.9.jar
7f2f5c9a3000-7f2f5c9b5000 r--s 00112000 08:16 2907667                    /opt/spark/jars/arpack_combined_all-0.1.jar
7f2f5c9b5000-7f2f5c9ba000 r--s 00055000 08:16 2907838                    /opt/spark/jars/jackson-core-2.12.3.jar
7f2f5c9ba000-7f2f5c9d1000 r--s 000fd000 08:16 2907896                    /opt/spark/jars/kubernetes-client-5.4.1.jar
7f2f5c9d1000-7f2f5c9d4000 r--s 0001e000 08:16 2907920                    /opt/spark/jars/kubernetes-model-certificates-5.4.1.jar
7f2f5c9d4000-7f2f5c9d7000 r--s 0002a000 08:16 2907660                    /opt/spark/jars/aircompressor-0.21.jar
7f2f5c9d7000-7f2f5c9fb000 rw-p 00000000 00:00 0 
7f2f5c9fb000-7f2f5cb00000 r--s 0117d000 08:16 2907801                    /opt/spark/jars/hadoop-client-api-3.3.1.jar
7f2f5cb00000-7f2f5cb31000 rw-p 00000000 00:00 0 
7f2f5cb31000-7f2f5cb36000 r--p 00000000 08:16 1840586                    /usr/lib/jvm/java-8-openjdk-amd64/jre/lib/amd64/libnet.so
7f2f5cb36000-7f2f5cb47000 r-xp 00005000 08:16 1840586                    /usr/lib/jvm/java-8-openjdk-amd64/jre/lib/amd64/libnet.so
7f2f5cb47000-7f2f5cb4b000 r--p 00016000 08:16 1840586                    /usr/lib/jvm/java-8-openjdk-amd64/jre/lib/amd64/libnet.so
7f2f5cb4b000-7f2f5cb4c000 r--p 00019000 08:16 1840586                    /usr/lib/jvm/java-8-openjdk-amd64/jre/lib/amd64/libnet.so
7f2f5cb4c000-7f2f5cb4d000 rw-p 0001a000 08:16 1840586                    /usr/lib/jvm/java-8-openjdk-amd64/jre/lib/amd64/libnet.so
7f2f5cb4d000-7f2f5cb54000 r--p 00000000 08:16 1840587                    /usr/lib/jvm/java-8-openjdk-amd64/jre/lib/amd64/libnio.so
7f2f5cb54000-7f2f5cb5d000 r-xp 00007000 08:16 1840587                    /usr/lib/jvm/java-8-openjdk-amd64/jre/lib/amd64/libnio.so
7f2f5cb5d000-7f2f5cb60000 r--p 00010000 08:16 1840587                    /usr/lib/jvm/java-8-openjdk-amd64/jre/lib/amd64/libnio.so
7f2f5cb60000-7f2f5cb61000 r--p 00012000 08:16 1840587                    /usr/lib/jvm/java-8-openjdk-amd64/jre/lib/amd64/libnio.so
7f2f5cb61000-7f2f5cb62000 rw-p 00013000 08:16 1840587                    /usr/lib/jvm/java-8-openjdk-amd64/jre/lib/amd64/libnio.so
7f2f5cb62000-7f2f5cbc8000 r--s 009f0000 08:16 2908014                    /opt/spark/jars/spark-core_2.12-3.2.1.jar
7f2f5cbc8000-7f2f5cbcc000 r--s 0001f000 08:16 2907849                    /opt/spark/jars/jakarta.ws.rs-api-2.1.6.jar
7f2f5cbcc000-7f2f5cbcd000 r--s 00009000 08:16 2907822                    /opt/spark/jars/hive-vector-code-gen-2.3.9.jar
7f2f5cbcd000-7f2f5cbcf000 r--s 00007000 08:16 2907989                    /opt/spark/jars/paranamer-2.8.jar
7f2f5cbcf000-7f2f5cbd1000 r--s 00014000 08:16 2907886                    /opt/spark/jars/json4s-ast_2.12-3.7.0-M11.jar
7f2f5cbd1000-7f2f5cbd2000 r--s 00004000 08:16 2907982                    /opt/spark/jars/opencsv-2.3.jar
7f2f5cbd2000-7f2f5cbd9000 r--s 00050000 08:16 2907712                    /opt/spark/jars/commons-codec-1.15.jar
7f2f5cbd9000-7f2f5cc07000 r--s 0021f000 08:16 2908025                    /opt/spark/jars/spark-network-common_2.12-3.2.1.jar
7f2f5cc07000-7f2f5cc0b000 r--s 0002a000 08:16 2907703                    /opt/spark/jars/avro-mapred-1.10.2.jar
7f2f5cc0b000-7f2f5cc0d000 r--s 00006000 08:16 2907985                    /opt/spark/jars/orc-shims-1.6.12.jar
7f2f5cc0d000-7f2f5cc0f000 r--s 00017000 08:16 2907998                    /opt/spark/jars/pyrolite-4.30.jar
7f2f5cc0f000-7f2f5cc14000 r--s 000a6000 08:16 2908017                    /opt/spark/jars/spark-hive_2.12-3.2.1.jar
7f2f5cc14000-7f2f5cc15000 r--s 00002000 08:16 2908009                    /opt/spark/jars/slf4j-log4j12-1.7.30.jar
7f2f5cc15000-7f2f5cc18000 r--s 00031000 08:16 2907710                    /opt/spark/jars/chill_2.12-0.10.0.jar
7f2f5cc18000-7f2f5cc19000 r--s 00007000 08:16 2907867                    /opt/spark/jars/jersey-container-servlet-2.34.jar
7f2f5cc19000-7f2f5cc1e000 r--s 0005a000 08:16 2907657                    /opt/spark/jars/RoaringBitmap-0.9.0.jar
7f2f5cc1e000-7f2f5cc22000 r--s 00028000 08:16 2908042                    /opt/spark/jars/stream-2.9.6.jar
7f2f5cc22000-7f2f5cc24000 r--s 00011000 08:16 2907869                    /opt/spark/jars/jersey-hk2-2.34.jar
7f2f5cc24000-7f2f5cc3b000 r--s 0015c000 08:16 2907840                    /opt/spark/jars/jackson-databind-2.12.3.jar
7f2f5cc3b000-7f2f5cc40000 r--s 00027000 08:16 2907700                    /opt/spark/jars/automaton-1.11-8.jar
7f2f5cc40000-7f2f5cc4a000 r--s 0006e000 08:16 2907928                    /opt/spark/jars/kubernetes-model-extensions-5.4.1.jar
7f2f5cc4a000-7f2f5cc50000 r--s 0004c000 08:16 2907941                    /opt/spark/jars/kubernetes-model-storageclass-5.4.1.jar
7f2f5cc50000-7f2f5cc52000 r--s 00001000 08:16 2908037                    /opt/spark/jars/spire-platform_2.12-0.17.0.jar
7f2f5cc52000-7f2f5cc54000 r--s 0000d000 08:16 2907709                    /opt/spark/jars/chill-java-0.10.0.jar
7f2f5cc54000-7f2f5cc59000 r--s 00036000 08:16 2907929                    /opt/spark/jars/kubernetes-model-flowcontrol-5.4.1.jar
7f2f5cc59000-7f2f5cc5b000 r--s 00004000 08:16 2907955                    /opt/spark/jars/metrics-jmx-4.2.0.jar
7f2f5cc5b000-7f2f5cc6a000 r--s 000e0000 08:16 2907994                    /opt/spark/jars/parquet-hadoop-1.12.2.jar
7f2f5cc6a000-7f2f5cc6d000 r--s 00010000 08:16 2907837                    /opt/spark/jars/jackson-annotations-2.12.3.jar
7f2f5cc6d000-7f2f5cc6f000 r--s 0000d000 08:16 2907940                    /opt/spark/jars/kubernetes-model-scheduling-5.4.1.jar
7f2f5cc6f000-7f2f5cc72000 r--s 00026000 08:16 2907718                    /opt/spark/jars/commons-crypto-1.1.0.jar
7f2f5cc72000-7f2f5cc78000 r--s 00063000 08:16 2907874                    /opt/spark/jars/jodd-core-3.5.2.jar
7f2f5cc78000-7f2f5cc8b000 r--s 0018f000 08:16 2907698                    /opt/spark/jars/arrow-vector-2.0.0.jar
7f2f5cc8b000-7f2f5cc8f000 r--s 0001a000 08:16 2907818                    /opt/spark/jars/hive-shims-common-2.3.9.jar
7f2f5cc8f000-7f2f5cc91000 r--s 00027000 08:16 2907737                    /opt/spark/jars/core-1.1.2.jar
7f2f5cc91000-7f2f5cc94000 r--s 00016000 08:16 2907858                    /opt/spark/jars/jaxb-api-2.2.11.jar
7f2f5cc94000-7f2f5cc98000 r--s 00036000 08:16 2907658                    /opt/spark/jars/ST4-4.0.4.jar
7f2f5cc98000-7f2f5cc9a000 r--s 00002000 08:16 2907819                    /opt/spark/jars/hive-shims-scheduler-2.3.9.jar
7f2f5cc9a000-7f2f5cc9b000 r--s 00003000 08:16 2907892                    /opt/spark/jars/jta-1.1.jar
7f2f5cc9b000-7f2f5cc9d000 r--s 0002f000 08:16 2907704                    /opt/spark/jars/blas-2.2.1.jar
7f2f5cc9d000-7f2f5cc9e000 r--s 0000a000 08:16 2907806                    /opt/spark/jars/hive-cli-2.3.9.jar
7f2f5cc9e000-7f2f5ccad000 r--s 00111000 08:16 2907656                    /opt/spark/jars/JTransforms-3.1.jar
7f2f5ccad000-7f2f5ccb1000 r--s 00031000 08:16 2907919                    /opt/spark/jars/kubernetes-model-batch-5.4.1.jar
7f2f5ccb1000-7f2f5ccc7000 r--s 00141000 08:16 2907836                    /opt/spark/jars/ivy-2.5.0.jar
7f2f5ccc7000-7f2f5ccca000 r--s 0001c000 08:16 2907997                    /opt/spark/jars/py4j-0.10.9.3.jar
7f2f5ccca000-7f2f5cccc000 r--s 00011000 08:16 2907706                    /opt/spark/jars/breeze-macros_2.12-1.2.jar
7f2f5cccc000-7f2f5ccce000 r--s 00005000 08:16 2907835                    /opt/spark/jars/istack-commons-runtime-3.0.8.jar
7f2f5ccce000-7f2f5ccd2000 r--s 00019000 08:16 2907851                    /opt/spark/jars/jakarta.xml.bind-api-2.3.2.jar
7f2f5ccd2000-7f2f5cce7000 r--s 000e3000 08:16 2907859                    /opt/spark/jars/jaxb-runtime-2.3.2.jar
7f2f5cce7000-7f2f5ccec000 r--s 0002c000 08:16 2907735                    /opt/spark/jars/commons-text-1.6.jar
7f2f5ccec000-7f2f5ccf4000 r--s 0003e000 08:16 2907755                    /opt/spark/jars/curator-recipes-2.13.0.jar
7f2f5ccf4000-7f2f5cd0d000 r--s 00317000 08:16 2907708                    /opt/spark/jars/cats-kernel_2.12-2.1.1.jar
7f2f5cd0d000-7f2f5cd1b000 r--s 000a0000 08:16 2907911                    /opt/spark/jars/kubernetes-model-admissionregistration-5.4.1.jar
7f2f5cd1b000-7f2f5cd1e000 r--s 0002a000 08:16 2907805                    /opt/spark/jars/hive-beeline-2.3.9.jar
7f2f5cd1e000-7f2f5cd20000 r--s 00005000 08:16 2907879                    /opt/spark/jars/json-1.8.jar
7f2f5cd20000-7f2f5cd28000 r--s 0005e000 08:16 2907933                    /opt/spark/jars/kubernetes-model-networking-5.4.1.jar
7f2f5cd28000-7f2f5cd2e000 r--s 0002c000 08:16 2907862                    /opt/spark/jars/jdo-api-3.0.1.jar
7f2f5cd2e000-7f2f5cd31000 r--s 000fd000 08:16 2907943                    /opt/spark/jars/leveldbjni-all-1.8.jar
7f2f5cd31000-7f2f5cd3f000 r--s 000b1000 08:16 2907843                    /opt/spark/jars/jackson-mapper-asl-1.9.13.jar
7f2f5cd3f000-7f2f5cd40000 ---p 00000000 00:00 0 
7f2f5cd40000-7f2f5ce40000 rw-p 00000000 00:00 0 
7f2f5ce40000-7f2f5ce43000 ---p 00000000 00:00 0 
7f2f5ce43000-7f2f5cf41000 rw-p 00000000 00:00 0 
7f2f5cf41000-7f2f5cf42000 ---p 00000000 00:00 0 
7f2f5cf42000-7f2f5cf45000 ---p 00000000 00:00 0 
7f2f5cf45000-7f2f5d042000 rw-p 00000000 00:00 0 
7f2f5d042000-7f2f5d043000 ---p 00000000 00:00 0 
7f2f5d043000-7f2f5d046000 ---p 00000000 00:00 0 
7f2f5d046000-7f2f5d143000 rw-p 00000000 00:00 0 
7f2f5d143000-7f2f5d144000 ---p 00000000 00:00 0 
7f2f5d144000-7f2f5d147000 ---p 00000000 00:00 0 
7f2f5d147000-7f2f5d244000 rw-p 00000000 00:00 0 
7f2f5d244000-7f2f5d247000 ---p 00000000 00:00 0 
7f2f5d247000-7f2f5d345000 rw-p 00000000 00:00 0 
7f2f5d345000-7f2f5ddfe000 r--p 00000000 08:16 1714791                    /usr/lib/locale/locale-archive
7f2f5ddfe000-7f2f5de01000 ---p 00000000 00:00 0 
7f2f5de01000-7f2f5deff000 rw-p 00000000 00:00 0 
7f2f5deff000-7f2f5df02000 ---p 00000000 00:00 0 
7f2f5df02000-7f2f60000000 rw-p 00000000 00:00 0 
7f2f60000000-7f2f60061000 rw-p 00000000 00:00 0 
7f2f60061000-7f2f64000000 ---p 00000000 00:00 0 
7f2f64000000-7f2f64021000 rw-p 00000000 00:00 0 
7f2f64021000-7f2f68000000 ---p 00000000 00:00 0 
7f2f68000000-7f2f68021000 rw-p 00000000 00:00 0 
7f2f68021000-7f2f6c000000 ---p 00000000 00:00 0 
7f2f6c000000-7f2f6c002000 r--s 00673000 08:16 2908054                    /opt/spark/jars/zstd-jni-1.5.0-4.jar
7f2f6c002000-7f2f6c00b000 r--s 0006f000 08:16 2907946                    /opt/spark/jars/log4j-1.2.17.jar
7f2f6c00b000-7f2f6c01d000 r--s 00132000 08:16 2908045                    /opt/spark/jars/tink-1.6.0.jar
7f2f6c01d000-7f2f6c01f000 r--s 0000b000 08:16 2908027                    /opt/spark/jars/spark-repl_2.12-3.2.1.jar
7f2f6c01f000-7f2f6c021000 r--s 00003000 08:16 2907860                    /opt/spark/jars/jcl-over-slf4j-1.7.30.jar
7f2f6c021000-7f2f6c023000 r--s 00010000 08:16 1840637                    /usr/lib/jvm/java-8-openjdk-amd64/jre/lib/ext/zipfs.jar
7f2f6c023000-7f2f6c026000 r--s 0000f000 08:16 1840630                    /usr/lib/jvm/java-8-openjdk-amd64/jre/lib/ext/icedtea-sound.jar
7f2f6c026000-7f2f6c041000 r--s 00394000 08:16 1840628                    /usr/lib/jvm/java-8-openjdk-amd64/jre/lib/ext/cldrdata.jar
7f2f6c041000-7f2f6c047000 r--s 0003d000 08:16 1840635                    /usr/lib/jvm/java-8-openjdk-amd64/jre/lib/ext/sunjce_provider.jar
7f2f6c047000-7f2f6c052000 r--s 00116000 08:16 1840632                    /usr/lib/jvm/java-8-openjdk-amd64/jre/lib/ext/localedata.jar
7f2f6c052000-7f2f6c06d000 r--s 001d6000 08:16 1840633                    /usr/lib/jvm/java-8-openjdk-amd64/jre/lib/ext/nashorn.jar
7f2f6c06d000-7f2f6c06e000 ---p 00000000 00:00 0 
7f2f6c06e000-7f2f6d000000 rw-p 00000000 00:00 0 
7f2f6d000000-7f2f6d800000 rwxp 00000000 00:00 0 
7f2f6d800000-7f2f7c000000 ---p 00000000 00:00 0 
7f2f7c000000-7f2f7ecb4000 rw-p 00000000 00:00 0 
7f2f7ecb4000-7f2f80000000 ---p 00000000 00:00 0 
7f2f80000000-7f2f80001000 r--s 00004000 08:16 2907988                    /opt/spark/jars/osgi-resource-locator-1.0.3.jar
7f2f80001000-7f2f80003000 r--s 00001000 08:16 1840629                    /usr/lib/jvm/java-8-openjdk-amd64/jre/lib/ext/dnsns.jar
7f2f80003000-7f2f80007000 r--s 00041000 08:16 1840636                    /usr/lib/jvm/java-8-openjdk-amd64/jre/lib/ext/sunpkcs11.jar
7f2f80007000-7f2f80009000 r--s 0000c000 08:16 2109646                    /usr/share/java/java-atk-wrapper.jar
7f2f80009000-7f2f8000b000 r--s 00008000 08:16 1840634                    /usr/lib/jvm/java-8-openjdk-amd64/jre/lib/ext/sunec.jar
7f2f8000b000-7f2f80011000 r--s 000d3000 08:16 1840819                    /usr/lib/jvm/java-8-openjdk-amd64/jre/lib/jfr.jar
7f2f80011000-7f2f80181000 rw-p 00000000 00:00 0 
7f2f80181000-7f2f80353000 r--s 03cab000 08:16 1840826                    /usr/lib/jvm/java-8-openjdk-amd64/jre/lib/rt.jar
7f2f80353000-7f2f80e60000 rw-p 00000000 00:00 0 
7f2f80e60000-7f2f80e61000 ---p 00000000 00:00 0 
7f2f80e61000-7f2f80f61000 rw-p 00000000 00:00 0 
7f2f80f61000-7f2f80f62000 ---p 00000000 00:00 0 
7f2f80f62000-7f2f81062000 rw-p 00000000 00:00 0 
7f2f81062000-7f2f81063000 ---p 00000000 00:00 0 
7f2f81063000-7f2f81163000 rw-p 00000000 00:00 0 
7f2f81163000-7f2f81164000 ---p 00000000 00:00 0 
7f2f81164000-7f2f8128e000 rw-p 00000000 00:00 0 
7f2f8128e000-7f2f813ba000 ---p 00000000 00:00 0 
7f2f813ba000-7f2f813e4000 rw-p 00000000 00:00 0 
7f2f813e4000-7f2f8150f000 ---p 00000000 00:00 0 
7f2f8150f000-7f2f81555000 rw-p 00000000 00:00 0 
7f2f81555000-7f2f815ba000 ---p 00000000 00:00 0 
7f2f815ba000-7f2f815db000 rw-p 00000000 00:00 0 
7f2f815db000-7f2f8197b000 ---p 00000000 00:00 0 
7f2f8197b000-7f2f8197e000 r--p 00000000 08:16 4731905                    /lib/x86_64-linux-gnu/libnss_files-2.31.so
7f2f8197e000-7f2f81985000 r-xp 00003000 08:16 4731905                    /lib/x86_64-linux-gnu/libnss_files-2.31.so
7f2f81985000-7f2f81987000 r--p 0000a000 08:16 4731905                    /lib/x86_64-linux-gnu/libnss_files-2.31.so
7f2f81987000-7f2f81988000 r--p 0000b000 08:16 4731905                    /lib/x86_64-linux-gnu/libnss_files-2.31.so
7f2f81988000-7f2f81989000 rw-p 0000c000 08:16 4731905                    /lib/x86_64-linux-gnu/libnss_files-2.31.so
7f2f81989000-7f2f8198f000 rw-p 00000000 00:00 0 
7f2f8198f000-7f2f81993000 r--p 00000000 08:16 4731902                    /lib/x86_64-linux-gnu/libnsl-2.31.so
7f2f81993000-7f2f819a3000 r-xp 00004000 08:16 4731902                    /lib/x86_64-linux-gnu/libnsl-2.31.so
7f2f819a3000-7f2f819a8000 r--p 00014000 08:16 4731902                    /lib/x86_64-linux-gnu/libnsl-2.31.so
7f2f819a8000-7f2f819a9000 r--p 00018000 08:16 4731902                    /lib/x86_64-linux-gnu/libnsl-2.31.so
7f2f819a9000-7f2f819aa000 rw-p 00019000 08:16 4731902                    /lib/x86_64-linux-gnu/libnsl-2.31.so
7f2f819aa000-7f2f819ac000 rw-p 00000000 00:00 0 
7f2f819ac000-7f2f819ae000 r--p 00000000 08:16 4731907                    /lib/x86_64-linux-gnu/libnss_nis-2.31.so
7f2f819ae000-7f2f819b6000 r-xp 00002000 08:16 4731907                    /lib/x86_64-linux-gnu/libnss_nis-2.31.so
7f2f819b6000-7f2f819b8000 r--p 0000a000 08:16 4731907                    /lib/x86_64-linux-gnu/libnss_nis-2.31.so
7f2f819b8000-7f2f819b9000 r--p 0000b000 08:16 4731907                    /lib/x86_64-linux-gnu/libnss_nis-2.31.so
7f2f819b9000-7f2f819ba000 rw-p 0000c000 08:16 4731907                    /lib/x86_64-linux-gnu/libnss_nis-2.31.so
7f2f819ba000-7f2f819bc000 r--p 00000000 08:16 4731903                    /lib/x86_64-linux-gnu/libnss_compat-2.31.so
7f2f819bc000-7f2f819c3000 r-xp 00002000 08:16 4731903                    /lib/x86_64-linux-gnu/libnss_compat-2.31.so
7f2f819c3000-7f2f819c4000 r--p 00009000 08:16 4731903                    /lib/x86_64-linux-gnu/libnss_compat-2.31.so
7f2f819c4000-7f2f819c5000 r--p 00009000 08:16 4731903                    /lib/x86_64-linux-gnu/libnss_compat-2.31.so
7f2f819c5000-7f2f819c6000 rw-p 0000a000 08:16 4731903                    /lib/x86_64-linux-gnu/libnss_compat-2.31.so
7f2f819c6000-7f2f819c7000 r--s 00003000 08:16 2908033                    /opt/spark/jars/spark-tags_2.12-3.2.1.jar
7f2f819c7000-7f2f819ca000 r--p 00000000 08:16 1840594                    /usr/lib/jvm/java-8-openjdk-amd64/jre/lib/amd64/libzip.so
7f2f819ca000-7f2f819cf000 r-xp 00003000 08:16 1840594                    /usr/lib/jvm/java-8-openjdk-amd64/jre/lib/amd64/libzip.so
7f2f819cf000-7f2f819d1000 r--p 00008000 08:16 1840594                    /usr/lib/jvm/java-8-openjdk-amd64/jre/lib/amd64/libzip.so
7f2f819d1000-7f2f819d2000 r--p 00009000 08:16 1840594                    /usr/lib/jvm/java-8-openjdk-amd64/jre/lib/amd64/libzip.so
7f2f819d2000-7f2f819d3000 rw-p 0000a000 08:16 1840594                    /usr/lib/jvm/java-8-openjdk-amd64/jre/lib/amd64/libzip.so
7f2f819d3000-7f2f819db000 rw-s 00000000 08:16 658025                     /tmp/hsperfdata_tkien/40756
7f2f819db000-7f2f819e8000 r--p 00000000 08:16 1840575                    /usr/lib/jvm/java-8-openjdk-amd64/jre/lib/amd64/libjava.so
7f2f819e8000-7f2f81a00000 r-xp 0000d000 08:16 1840575                    /usr/lib/jvm/java-8-openjdk-amd64/jre/lib/amd64/libjava.so
7f2f81a00000-7f2f81a07000 r--p 00025000 08:16 1840575                    /usr/lib/jvm/java-8-openjdk-amd64/jre/lib/amd64/libjava.so
7f2f81a07000-7f2f81a08000 r--p 0002b000 08:16 1840575                    /usr/lib/jvm/java-8-openjdk-amd64/jre/lib/amd64/libjava.so
7f2f81a08000-7f2f81a0a000 rw-p 0002c000 08:16 1840575                    /usr/lib/jvm/java-8-openjdk-amd64/jre/lib/amd64/libjava.so
7f2f81a0a000-7f2f81a0c000 r--p 00000000 08:16 4731912                    /lib/x86_64-linux-gnu/librt-2.31.so
7f2f81a0c000-7f2f81a10000 r-xp 00002000 08:16 4731912                    /lib/x86_64-linux-gnu/librt-2.31.so
7f2f81a10000-7f2f81a12000 r--p 00006000 08:16 4731912                    /lib/x86_64-linux-gnu/librt-2.31.so
7f2f81a12000-7f2f81a13000 r--p 00007000 08:16 4731912                    /lib/x86_64-linux-gnu/librt-2.31.so
7f2f81a13000-7f2f81a14000 rw-p 00008000 08:16 4731912                    /lib/x86_64-linux-gnu/librt-2.31.so
7f2f81a14000-7f2f81a15000 ---p 00000000 00:00 0 
7f2f81a15000-7f2f81a18000 ---p 00000000 00:00 0 
7f2f81a18000-7f2f81b15000 rw-p 00000000 00:00 0 
7f2f81b15000-7f2f81b18000 r--p 00000000 08:16 4735149                    /lib/x86_64-linux-gnu/libgcc_s.so.1
7f2f81b18000-7f2f81b2a000 r-xp 00003000 08:16 4735149                    /lib/x86_64-linux-gnu/libgcc_s.so.1
7f2f81b2a000-7f2f81b2e000 r--p 00015000 08:16 4735149                    /lib/x86_64-linux-gnu/libgcc_s.so.1
7f2f81b2e000-7f2f81b2f000 r--p 00018000 08:16 4735149                    /lib/x86_64-linux-gnu/libgcc_s.so.1
7f2f81b2f000-7f2f81b30000 rw-p 00019000 08:16 4735149                    /lib/x86_64-linux-gnu/libgcc_s.so.1
7f2f81b30000-7f2f81b3d000 r--p 00000000 08:16 4731899                    /lib/x86_64-linux-gnu/libm-2.31.so
7f2f81b3d000-7f2f81be4000 r-xp 0000d000 08:16 4731899                    /lib/x86_64-linux-gnu/libm-2.31.so
7f2f81be4000-7f2f81c7d000 r--p 000b4000 08:16 4731899                    /lib/x86_64-linux-gnu/libm-2.31.so
7f2f81c7d000-7f2f81c7e000 r--p 0014c000 08:16 4731899                    /lib/x86_64-linux-gnu/libm-2.31.so
7f2f81c7e000-7f2f81c7f000 rw-p 0014d000 08:16 4731899                    /lib/x86_64-linux-gnu/libm-2.31.so
7f2f81c7f000-7f2f81d15000 r--p 00000000 08:16 1707285                    /usr/lib/x86_64-linux-gnu/libstdc++.so.6.0.28
7f2f81d15000-7f2f81e06000 r-xp 00096000 08:16 1707285                    /usr/lib/x86_64-linux-gnu/libstdc++.so.6.0.28
7f2f81e06000-7f2f81e4f000 r--p 00187000 08:16 1707285                    /usr/lib/x86_64-linux-gnu/libstdc++.so.6.0.28
7f2f81e4f000-7f2f81e50000 ---p 001d0000 08:16 1707285                    /usr/lib/x86_64-linux-gnu/libstdc++.so.6.0.28
7f2f81e50000-7f2f81e5b000 r--p 001d0000 08:16 1707285                    /usr/lib/x86_64-linux-gnu/libstdc++.so.6.0.28
7f2f81e5b000-7f2f81e5e000 rw-p 001db000 08:16 1707285                    /usr/lib/x86_64-linux-gnu/libstdc++.so.6.0.28
7f2f81e5e000-7f2f81e61000 rw-p 00000000 00:00 0 
7f2f81e61000-7f2f82056000 r--p 00000000 08:16 1840597                    /usr/lib/jvm/java-8-openjdk-amd64/jre/lib/amd64/server/libjvm.so
7f2f82056000-7f2f829bf000 r-xp 001f5000 08:16 1840597                    /usr/lib/jvm/java-8-openjdk-amd64/jre/lib/amd64/server/libjvm.so
7f2f829bf000-7f2f82b71000 r--p 00b5e000 08:16 1840597                    /usr/lib/jvm/java-8-openjdk-amd64/jre/lib/amd64/server/libjvm.so
7f2f82b71000-7f2f82c07000 r--p 00d0f000 08:16 1840597                    /usr/lib/jvm/java-8-openjdk-amd64/jre/lib/amd64/server/libjvm.so
7f2f82c07000-7f2f82c30000 rw-p 00da5000 08:16 1840597                    /usr/lib/jvm/java-8-openjdk-amd64/jre/lib/amd64/server/libjvm.so
7f2f82c30000-7f2f82c65000 rw-p 00000000 00:00 0 
7f2f82c65000-7f2f82c6b000 r--p 00000000 08:16 4731910                    /lib/x86_64-linux-gnu/libpthread-2.31.so
7f2f82c6b000-7f2f82c7c000 r-xp 00006000 08:16 4731910                    /lib/x86_64-linux-gnu/libpthread-2.31.so
7f2f82c7c000-7f2f82c82000 r--p 00017000 08:16 4731910                    /lib/x86_64-linux-gnu/libpthread-2.31.so
7f2f82c82000-7f2f82c83000 r--p 0001c000 08:16 4731910                    /lib/x86_64-linux-gnu/libpthread-2.31.so
7f2f82c83000-7f2f82c84000 rw-p 0001d000 08:16 4731910                    /lib/x86_64-linux-gnu/libpthread-2.31.so
7f2f82c84000-7f2f82c88000 rw-p 00000000 00:00 0 
7f2f82c88000-7f2f82c89000 r--p 00000000 08:16 4731898                    /lib/x86_64-linux-gnu/libdl-2.31.so
7f2f82c89000-7f2f82c8b000 r-xp 00001000 08:16 4731898                    /lib/x86_64-linux-gnu/libdl-2.31.so
7f2f82c8b000-7f2f82c8c000 r--p 00003000 08:16 4731898                    /lib/x86_64-linux-gnu/libdl-2.31.so
7f2f82c8c000-7f2f82c8d000 r--p 00003000 08:16 4731898                    /lib/x86_64-linux-gnu/libdl-2.31.so
7f2f82c8d000-7f2f82c8e000 rw-p 00004000 08:16 4731898                    /lib/x86_64-linux-gnu/libdl-2.31.so
7f2f82c8e000-7f2f82c90000 r--p 00000000 08:16 4743924                    /lib/x86_64-linux-gnu/libz.so.1.2.11
7f2f82c90000-7f2f82ca1000 r-xp 00002000 08:16 4743924                    /lib/x86_64-linux-gnu/libz.so.1.2.11
7f2f82ca1000-7f2f82ca7000 r--p 00013000 08:16 4743924                    /lib/x86_64-linux-gnu/libz.so.1.2.11
7f2f82ca7000-7f2f82ca8000 ---p 00019000 08:16 4743924                    /lib/x86_64-linux-gnu/libz.so.1.2.11
7f2f82ca8000-7f2f82ca9000 r--p 00019000 08:16 4743924                    /lib/x86_64-linux-gnu/libz.so.1.2.11
7f2f82ca9000-7f2f82caa000 rw-p 0001a000 08:16 4743924                    /lib/x86_64-linux-gnu/libz.so.1.2.11
7f2f82caa000-7f2f82ccc000 r--p 00000000 08:16 4731897                    /lib/x86_64-linux-gnu/libc-2.31.so
7f2f82ccc000-7f2f82e44000 r-xp 00022000 08:16 4731897                    /lib/x86_64-linux-gnu/libc-2.31.so
7f2f82e44000-7f2f82e92000 r--p 0019a000 08:16 4731897                    /lib/x86_64-linux-gnu/libc-2.31.so
7f2f82e92000-7f2f82e96000 r--p 001e7000 08:16 4731897                    /lib/x86_64-linux-gnu/libc-2.31.so
7f2f82e96000-7f2f82e98000 rw-p 001eb000 08:16 4731897                    /lib/x86_64-linux-gnu/libc-2.31.so
7f2f82e98000-7f2f82e9c000 rw-p 00000000 00:00 0 
7f2f82e9c000-7f2f82e9d000 r--s 0000a000 08:16 1840631                    /usr/lib/jvm/java-8-openjdk-amd64/jre/lib/ext/jaccess.jar
7f2f82e9d000-7f2f82e9e000 rw-p 00000000 00:00 0 
7f2f82e9e000-7f2f82ea3000 r--p 00000000 08:16 1840593                    /usr/lib/jvm/java-8-openjdk-amd64/jre/lib/amd64/libverify.so
7f2f82ea3000-7f2f82eac000 r-xp 00005000 08:16 1840593                    /usr/lib/jvm/java-8-openjdk-amd64/jre/lib/amd64/libverify.so
7f2f82eac000-7f2f82eae000 r--p 0000e000 08:16 1840593                    /usr/lib/jvm/java-8-openjdk-amd64/jre/lib/amd64/libverify.so
7f2f82eae000-7f2f82eb0000 r--p 0000f000 08:16 1840593                    /usr/lib/jvm/java-8-openjdk-amd64/jre/lib/amd64/libverify.so
7f2f82eb0000-7f2f82eb1000 rw-p 00011000 08:16 1840593                    /usr/lib/jvm/java-8-openjdk-amd64/jre/lib/amd64/libverify.so
7f2f82eb1000-7f2f82eb4000 r--p 00000000 08:16 1840561                    /usr/lib/jvm/java-8-openjdk-amd64/jre/lib/amd64/jli/libjli.so
7f2f82eb4000-7f2f82ebe000 r-xp 00003000 08:16 1840561                    /usr/lib/jvm/java-8-openjdk-amd64/jre/lib/amd64/jli/libjli.so
7f2f82ebe000-7f2f82ec1000 r--p 0000d000 08:16 1840561                    /usr/lib/jvm/java-8-openjdk-amd64/jre/lib/amd64/jli/libjli.so
7f2f82ec1000-7f2f82ec2000 r--p 0000f000 08:16 1840561                    /usr/lib/jvm/java-8-openjdk-amd64/jre/lib/amd64/jli/libjli.so
7f2f82ec2000-7f2f82ec3000 rw-p 00010000 08:16 1840561                    /usr/lib/jvm/java-8-openjdk-amd64/jre/lib/amd64/jli/libjli.so
7f2f82ec3000-7f2f82ec5000 rw-p 00000000 00:00 0 
7f2f82ec5000-7f2f82ec6000 r--p 00000000 08:16 4731893                    /lib/x86_64-linux-gnu/ld-2.31.so
7f2f82ec6000-7f2f82ee9000 r-xp 00001000 08:16 4731893                    /lib/x86_64-linux-gnu/ld-2.31.so
7f2f82ee9000-7f2f82ef1000 r--p 00024000 08:16 4731893                    /lib/x86_64-linux-gnu/ld-2.31.so
7f2f82ef1000-7f2f82ef2000 ---p 00000000 00:00 0 
7f2f82ef2000-7f2f82ef3000 r--p 0002c000 08:16 4731893                    /lib/x86_64-linux-gnu/ld-2.31.so
7f2f82ef3000-7f2f82ef4000 rw-p 0002d000 08:16 4731893                    /lib/x86_64-linux-gnu/ld-2.31.so
7f2f82ef4000-7f2f82ef5000 rw-p 00000000 00:00 0 
7ffe6cf6d000-7ffe6cf8f000 rw-p 00000000 00:00 0                          [stack]
7ffe6cfb9000-7ffe6cfbc000 r--p 00000000 00:00 0                          [vvar]
7ffe6cfbc000-7ffe6cfbd000 r-xp 00000000 00:00 0                          [vdso]
ffffffffff600000-ffffffffff601000 --xp 00000000 00:00 0                  [vsyscall]

VM Arguments:
jvm_args: -Xmx1g 
java_command: org.apache.spark.deploy.SparkSubmit --conf spark.master=local[*] --conf spark.jars.packages=org.apache.spark:spark-sql-kafka-0-10_2.12:3.2.0 --conf spark.app.name=PySpark Structured Streaming with Kafka and Message Format as CSV --conf spark.driver.host=127.0.0.2 pyspark-shell
java_class_path (initial): /opt/spark/conf/:/opt/spark/jars/jcl-over-slf4j-1.7.30.jar:/opt/spark/jars/spark-repl_2.12-3.2.1.jar:/opt/spark/jars/tink-1.6.0.jar:/opt/spark/jars/log4j-1.2.17.jar:/opt/spark/jars/zstd-jni-1.5.0-4.jar:/opt/spark/jars/jackson-mapper-asl-1.9.13.jar:/opt/spark/jars/leveldbjni-all-1.8.jar:/opt/spark/jars/spark-tags_2.12-3.2.1.jar:/opt/spark/jars/jdo-api-3.0.1.jar:/opt/spark/jars/kubernetes-model-networking-5.4.1.jar:/opt/spark/jars/osgi-resource-locator-1.0.3.jar:/opt/spark/jars/json-1.8.jar:/opt/spark/jars/hive-beeline-2.3.9.jar:/opt/spark/jars/kubernetes-model-admissionregistration-5.4.1.jar:/opt/spark/jars/cats-kernel_2.12-2.1.1.jar:/opt/spark/jars/curator-recipes-2.13.0.jar:/opt/spark/jars/commons-text-1.6.jar:/opt/spark/jars/jaxb-runtime-2.3.2.jar:/opt/spark/jars/breeze-macros_2.12-1.2.jar:/opt/spark/jars/py4j-0.10.9.3.jar:/opt/spark/jars/ivy-2.5.0.jar:/opt/spark/jars/kubernetes-model-batch-5.4.1.jar:/opt/spark/jars/JTransforms-3.1.jar:/opt/spark/jars/hive-cli-2.3.9.jar:/opt/spark/jars/blas-2.2.1.jar:/opt/spark/jars/jta-1.1.jar:/opt/spark/jars/hive-shims-scheduler-2.3.9.jar:/opt/spark/jars/ST4-4.0.4.jar:/opt/spark/jars/jaxb-api-2.2.11.jar:/opt/spark/jars/core-1.1.2.jar:/opt/spark/jars/hive-shims-common-2.3.9.jar:/opt/spark/jars/arrow-vector-2.0.0.jar:/opt/spark/jars/jodd-core-3.5.2.jar:/opt/spark/jars/commons-crypto-1.1.0.jar:/opt/spark/jars/kubernetes-model-scheduling-5.4.1.jar:/opt/spark/jars/jackson-annotations-2.12.3.jar:/opt/spark/jars/parquet-hadoop-1.12.2.jar:/opt/spark/jars/metrics-jmx-4.2.0.jar:/opt/spark/jars/kubernetes-model-flowcontrol-5.4.1.jar:/opt/spark/jars/chill-java-0.10.0.jar:/opt/spark/jars/spire-platform_2.12-0.17.0.jar:/opt/spark/jars/kubernetes-model-storageclass-5.4.1.jar:/opt/spark/jars/kubernetes-model-extensions-5.4.1.jar:/opt/spark/jars/automaton-1.11-8.jar:/opt/spark/jars/jackson-databind-2.12.3.jar:/opt/spark/jars/jersey-hk2-2.34.jar:/opt/spark/jars/stream-2.9.6.jar:/opt/spark/jars/RoaringBitmap-0.9.0.jar:
Launcher Type: SUN_STANDARD

Environment Variables:
JAVA_HOME=/usr/lib/jvm/java-8-openjdk-amd64/jre
PATH=/home/tkien/project/kafka_project/env/bin:/home/tkien/project/kafka/env/bin:/home/tkien/.local/bin:/usr/local/sbin:/usr/local/bin:/usr/sbin:/usr/bin:/sbin:/bin:/usr/games:/usr/local/games:/snap/bin:/bin:/sbin:/opt/spark/bin:/opt/spark/sbin:/opt/spark/bin:/opt/spark/sbin
USERNAME=tkien
SHELL=/usr/bin/zsh
DISPLAY=:0

Signal Handlers:
SIGSEGV: [libjvm.so+0xb373b0], sa_mask[0]=11111111011111111101111111111110, sa_flags=SA_RESTART|SA_SIGINFO
SIGBUS: [libjvm.so+0xb373b0], sa_mask[0]=11111111011111111101111111111110, sa_flags=SA_RESTART|SA_SIGINFO
SIGFPE: [libjvm.so+0x97bff0], sa_mask[0]=11111111011111111101111111111110, sa_flags=SA_RESTART|SA_SIGINFO
SIGPIPE: [libjvm.so+0x97bff0], sa_mask[0]=11111111011111111101111111111110, sa_flags=SA_RESTART|SA_SIGINFO
SIGXFSZ: [libjvm.so+0x97bff0], sa_mask[0]=11111111011111111101111111111110, sa_flags=SA_RESTART|SA_SIGINFO
SIGILL: [libjvm.so+0x97bff0], sa_mask[0]=11111111011111111101111111111110, sa_flags=SA_RESTART|SA_SIGINFO
SIGUSR1: SIG_DFL, sa_mask[0]=00000000000000000000000000000000, sa_flags=none
SIGUSR2: [libjvm.so+0x97bea0], sa_mask[0]=00000000000000000000000000000000, sa_flags=SA_RESTART|SA_SIGINFO
SIGHUP: [libjvm.so+0x97c270], sa_mask[0]=11111111011111111101111111111110, sa_flags=SA_RESTART|SA_SIGINFO
SIGINT: SIG_IGN, sa_mask[0]=00000000000000000000000000000000, sa_flags=none
SIGTERM: [libjvm.so+0x97c270], sa_mask[0]=11111111011111111101111111111110, sa_flags=SA_RESTART|SA_SIGINFO
SIGQUIT: [libjvm.so+0x97c270], sa_mask[0]=11111111011111111101111111111110, sa_flags=SA_RESTART|SA_SIGINFO


---------------  S Y S T E M  ---------------

OS:DISTRIB_ID=Ubuntu
DISTRIB_RELEASE=20.04
DISTRIB_CODENAME=focal
DISTRIB_DESCRIPTION="Ubuntu 20.04.4 LTS"

uname:Linux 5.4.0-120-generic #136-Ubuntu SMP Fri Jun 10 13:40:48 UTC 2022 x86_64
libc:glibc 2.31 NPTL 2.31 
rlimit: STACK 8192k, CORE 0k, NPROC 31068, NOFILE 1048576, AS infinity
load average:1,27 1,59 1,40

/proc/meminfo:
MemTotal:        8012588 kB
MemFree:         1272180 kB
MemAvailable:    2963360 kB
Buffers:          311428 kB
Cached:          2605808 kB
SwapCached:         1192 kB
Active:          4571540 kB
Inactive:        1481576 kB
Active(anon):    3371484 kB
Inactive(anon):   833664 kB
Active(file):    1200056 kB
Inactive(file):   647912 kB
Unevictable:      212552 kB
Mlocked:              48 kB
SwapTotal:       2097148 kB
SwapFree:        2080752 kB
Dirty:               640 kB
Writeback:             0 kB
AnonPages:       3347172 kB
Mapped:          1106404 kB
Shmem:           1074136 kB
KReclaimable:     135012 kB
Slab:             290436 kB
SReclaimable:     135012 kB
SUnreclaim:       155424 kB
KernelStack:       20256 kB
PageTables:        49612 kB
NFS_Unstable:          0 kB
Bounce:                0 kB
WritebackTmp:          0 kB
CommitLimit:     6103440 kB
Committed_AS:   16917460 kB
VmallocTotal:   34359738367 kB
VmallocUsed:       40960 kB
VmallocChunk:          0 kB
Percpu:             3696 kB
HardwareCorrupted:     0 kB
AnonHugePages:         0 kB
ShmemHugePages:        0 kB
ShmemPmdMapped:        0 kB
FileHugePages:         0 kB
FilePmdMapped:         0 kB
CmaTotal:              0 kB
CmaFree:               0 kB
HugePages_Total:       0
HugePages_Free:        0
HugePages_Rsvd:        0
HugePages_Surp:        0
Hugepagesize:       2048 kB
Hugetlb:               0 kB
DirectMap4k:      420468 kB
DirectMap2M:     7833600 kB
DirectMap1G:           0 kB

container (cgroup) information:
container_type: cgroupv1
cpu_cpuset_cpus: 0-3
cpu_memory_nodes: 0
active_processor_count: 4
cpu_quota: -1
cpu_period: 100000
cpu_shares: -1
memory_limit_in_bytes: -1
memory_and_swap_limit_in_bytes: -2
memory_soft_limit_in_bytes: -1
memory_usage_in_bytes: 4859559936
memory_max_usage_in_bytes: 6145294336


CPU:total 4 (initial active 4) (2 cores per cpu, 2 threads per core) family 6 model 142 stepping 9, cmov, cx8, fxsr, mmx, sse, sse2, sse3, ssse3, sse4.1, sse4.2, popcnt, avx, avx2, aes, clmul, erms, 3dnowpref, lzcnt, ht, tsc, tscinvbit, bmi1, bmi2, adx

/proc/cpuinfo:
processor	: 0
vendor_id	: GenuineIntel
cpu family	: 6
model		: 142
model name	: Intel(R) Core(TM) i5-7200U CPU @ 2.50GHz
stepping	: 9
microcode	: 0xf0
cpu MHz		: 3099.997
cache size	: 3072 KB
physical id	: 0
siblings	: 4
core id		: 0
cpu cores	: 2
apicid		: 0
initial apicid	: 0
fpu		: yes
fpu_exception	: yes
cpuid level	: 22
wp		: yes
flags		: fpu vme de pse tsc msr pae mce cx8 apic sep mtrr pge mca cmov pat pse36 clflush dts acpi mmx fxsr sse sse2 ss ht tm pbe syscall nx pdpe1gb rdtscp lm constant_tsc art arch_perfmon pebs bts rep_good nopl xtopology nonstop_tsc cpuid aperfmperf pni pclmulqdq dtes64 monitor ds_cpl vmx est tm2 ssse3 sdbg fma cx16 xtpr pdcm pcid sse4_1 sse4_2 x2apic movbe popcnt tsc_deadline_timer aes xsave avx f16c rdrand lahf_lm abm 3dnowprefetch cpuid_fault epb invpcid_single pti ssbd ibrs ibpb stibp tpr_shadow vnmi flexpriority ept vpid ept_ad fsgsbase tsc_adjust bmi1 avx2 smep bmi2 erms invpcid mpx rdseed adx smap clflushopt intel_pt xsaveopt xsavec xgetbv1 xsaves dtherm ida arat pln pts hwp hwp_notify hwp_act_window hwp_epp md_clear flush_l1d arch_capabilities
bugs		: cpu_meltdown spectre_v1 spectre_v2 spec_store_bypass l1tf mds swapgs itlb_multihit srbds mmio_stale_data
bogomips	: 5399.81
clflush size	: 64
cache_alignment	: 64
address sizes	: 39 bits physical, 48 bits virtual
power management:

processor	: 1
vendor_id	: GenuineIntel
cpu family	: 6
model		: 142
model name	: Intel(R) Core(TM) i5-7200U CPU @ 2.50GHz
stepping	: 9
microcode	: 0xf0
cpu MHz		: 3099.999
cache size	: 3072 KB
physical id	: 0
siblings	: 4
core id		: 1
cpu cores	: 2
apicid		: 2
initial apicid	: 2
fpu		: yes
fpu_exception	: yes
cpuid level	: 22
wp		: yes
flags		: fpu vme de pse tsc msr pae mce cx8 apic sep mtrr pge mca cmov pat pse36 clflush dts acpi mmx fxsr sse sse2 ss ht tm pbe syscall nx pdpe1gb rdtscp lm constant_tsc art arch_perfmon pebs bts rep_good nopl xtopology nonstop_tsc cpuid aperfmperf pni pclmulqdq dtes64 monitor ds_cpl vmx est tm2 ssse3 sdbg fma cx16 xtpr pdcm pcid sse4_1 sse4_2 x2apic movbe popcnt tsc_deadline_timer aes xsave avx f16c rdrand lahf_lm abm 3dnowprefetch cpuid_fault epb invpcid_single pti ssbd ibrs ibpb stibp tpr_shadow vnmi flexpriority ept vpid ept_ad fsgsbase tsc_adjust bmi1 avx2 smep bmi2 erms invpcid mpx rdseed adx smap clflushopt intel_pt xsaveopt xsavec xgetbv1 xsaves dtherm ida arat pln pts hwp hwp_notify hwp_act_window hwp_epp md_clear flush_l1d arch_capabilities
bugs		: cpu_meltdown spectre_v1 spectre_v2 spec_store_bypass l1tf mds swapgs itlb_multihit srbds mmio_stale_data
bogomips	: 5399.81
clflush size	: 64
cache_alignment	: 64
address sizes	: 39 bits physical, 48 bits virtual
power management:

processor	: 2
vendor_id	: GenuineIntel
cpu family	: 6
model		: 142
model name	: Intel(R) Core(TM) i5-7200U CPU @ 2.50GHz
stepping	: 9
microcode	: 0xf0
cpu MHz		: 3100.000
cache size	: 3072 KB
physical id	: 0
siblings	: 4
core id		: 0
cpu cores	: 2
apicid		: 1
initial apicid	: 1
fpu		: yes
fpu_exception	: yes
cpuid level	: 22
wp		: yes
flags		: fpu vme de pse tsc msr pae mce cx8 apic sep mtrr pge mca cmov pat pse36 clflush dts acpi mmx fxsr sse sse2 ss ht tm pbe syscall nx pdpe1gb rdtscp lm constant_tsc art arch_perfmon pebs bts rep_good nopl xtopology nonstop_tsc cpuid aperfmperf pni pclmulqdq dtes64 monitor ds_cpl vmx est tm2 ssse3 sdbg fma cx16 xtpr pdcm pcid sse4_1 sse4_2 x2apic movbe popcnt tsc_deadline_timer aes xsave avx f16c rdrand lahf_lm abm 3dnowprefetch cpuid_fault epb invpcid_single pti ssbd ibrs ibpb stibp tpr_shadow vnmi flexpriority ept vpid ept_ad fsgsbase tsc_adjust bmi1 avx2 smep bmi2 erms invpcid mpx rdseed adx smap clflushopt intel_pt xsaveopt xsavec xgetbv1 xsaves dtherm ida arat pln pts hwp hwp_notify hwp_act_window hwp_epp md_clear flush_l1d arch_capabilities
bugs		: cpu_meltdown spectre_v1 spectre_v2 spec_store_bypass l1tf mds swapgs itlb_multihit srbds mmio_stale_data
bogomips	: 5399.81
clflush size	: 64
cache_alignment	: 64
address sizes	: 39 bits physical, 48 bits virtual
power management:

processor	: 3
vendor_id	: GenuineIntel
cpu family	: 6
model		: 142
model name	: Intel(R) Core(TM) i5-7200U CPU @ 2.50GHz
stepping	: 9
microcode	: 0xf0
cpu MHz		: 3100.001
cache size	: 3072 KB
physical id	: 0
siblings	: 4
core id		: 1
cpu cores	: 2
apicid		: 3
initial apicid	: 3
fpu		: yes
fpu_exception	: yes
cpuid level	: 22
wp		: yes
flags		: fpu vme de pse tsc msr pae mce cx8 apic sep mtrr pge mca cmov pat pse36 clflush dts acpi mmx fxsr sse sse2 ss ht tm pbe syscall nx pdpe1gb rdtscp lm constant_tsc art arch_perfmon pebs bts rep_good nopl xtopology nonstop_tsc cpuid aperfmperf pni pclmulqdq dtes64 monitor ds_cpl vmx est tm2 ssse3 sdbg fma cx16 xtpr pdcm pcid sse4_1 sse4_2 x2apic movbe popcnt tsc_deadline_timer aes xsave avx f16c rdrand lahf_lm abm 3dnowprefetch cpuid_fault epb invpcid_single pti ssbd ibrs ibpb stibp tpr_shadow vnmi flexpriority ept vpid ept_ad fsgsbase tsc_adjust bmi1 avx2 smep bmi2 erms invpcid mpx rdseed adx smap clflushopt intel_pt xsaveopt xsavec xgetbv1 xsaves dtherm ida arat pln pts hwp hwp_notify hwp_act_window hwp_epp md_clear flush_l1d arch_capabilities
bugs		: cpu_meltdown spectre_v1 spectre_v2 spec_store_bypass l1tf mds swapgs itlb_multihit srbds mmio_stale_data
bogomips	: 5399.81
clflush size	: 64
cache_alignment	: 64
address sizes	: 39 bits physical, 48 bits virtual
power management:



Memory: 4k page, physical 8012588k(1271424k free), swap 2097148k(2080752k free)

vm_info: OpenJDK 64-Bit Server VM (25.312-b07) for linux-amd64 JRE (1.8.0_312-8u312-b07-0ubuntu1~20.04-b07), built on Nov  3 2021 13:54:59 by "buildd" with gcc 9.3.0

time: Sun Jun 26 21:43:28 2022
timezone: +07
elapsed time: 2.254798 seconds (0d 0h 0m 2s)

